##########################################################################################################################
# MAPPER TABS CONFIGURATION
# Mapper has 18 tabs,  last 3 of which can not contain items or critters.
# Here you can redefine names & content of first 15 tabs and rename last 3 ones.
#
# In order to redefine a tab,  type:
# 	@<tab_name>=<default content types>
#
### EXAMPLES:
# 	@ALL=ITEMS, CRITTERS
#   @FAV
#   @CRT=CRITTERS
#   @KCD=KEY, COTNAINER, DOOR, CAR
#
# First word after @ is the tab name (3-4 symbols),  after "=" you place a list of default item types for this tab. 
# All items of the defined item type will be automatically preloaded into #<type> group inside the correspondent tab.
#
# Available types: 
# 	ITEMS,  # all existing items from protos
#   CRITTERS (all critters),  # all existing critter types
# 	NONE,  ARMOR,  DRUG,  WEAPON,  AMMO,  MISC,  KEY,  CONTAINER,  DOOR,  GRID,  GENERIC,  WALL,  CAR,  MAGIC
#
# Once you defined a group,  you can start adding subgroups that will act like filters & will be placed into tab popup list.
#
# In order to add a new group,  type:
# 	<List name>=<Pids> # For item list
# 	<List name>=:<Pids> # For critter list
#
### EXAMPLES:
# @ALL=ITEMS # first we need to define a tab
# Clothes=74, 113, 265, 524, 558, 559, 585, 10011 # "Clothes" filtering list
# Light armor=1, 379, 10072
# Medium armor=2, 17, 239, 240, 380, 381, 547, 586, 596, 10013, 10017, 10018, 10072-10073 # You can define ranges aka 10-15
# Heavy armor=3, 232, 348, 349
# @FAVS
# City guard=:1, 10, 15 # Adds list with critters 1, 10 and 15
# Crity guard post=150012-150015 # Adds list with items 150012, 150013, 150014, 150015
#
# ! All text after "#" is ignored by parser (use it for comments).
# ! Do not add spaces between line start and "@" symbol,  or it will not be parsed as tab name.
# ! You can swap contents & names of NON-HARDCODED tabs
##########################################################################################################################
# Tab 1
@ALL=ITEMS, CRITTERS


##########################################################################################################################
# Tab 2
@ARM=ARMOR

001 - Fallout 2 armor=PID_LEATHER_ARMOR, PID_METAL_ARMOR, PID_POWERED_ARMOR, PID_COMBAT_ARMOR, PID_LEATHER_JACKET, PID_PURPLE_ROBE, PID_HARDENED_POWER_ARMOR, PID_BROTHERHOOD_COMBAT_ARMOR, PID_TESLA_ARMOR, PID_CURED_LEATHER_ARMOR, PID_ADVANCED_POWER_ARMOR, PID_ADVANCED_POWER_ARMOR_MK2, PID_LEATHER_ARMOR_MK_II, PID_METAL_ARMOR_MK_II, PID_COMBAT_ARMOR_MK_II, PID_KEEPBRIGE_ROBE
002 - FOnline armor=PID_BLACK_COMBAT_ARMOR, PID_JUMPSUIT, PID_FAKE_JUMPSUIT, PID_BLACK_ROBE, PID_CHITIN_ARMOR, PID_CHITIN_ARMOR_MK_II, 1100

- Clothes=74, 113, 265, 524, 558, 559, 585, 10011
- Light armor=1, 379, 10072
- Medium armor=2, 17, 239, 240, 380, 381, 547, 586, 596, 10013, 10017, 10018, 10072, 10073
- Heavy armor=3, 232, 348, 349


##########################################################################################################################
# Tab 3
@WPN=WEAPON

001 - Fallout 2 weapons= PID_KNIFE, PID_CLUB, PID_SLEDGEHAMMER, PID_SPEAR, PID_10MM_PISTOL, PID_10MM_SMG, PID_HUNTING_RIFLE, PID_FLAMER, PID_MINIGUN, PID_ROCKET_LAUNCHER, PID_PLASMA_RIFLE, PID_LASER_PISTOL, PID_DESERT_EAGLE, PID_ROCK, PID_CROWBAR, PID_BRASS_KNUCKLES, PID_14MM_PISTOL, PID_ASSAULT_RIFLE, PID_PLASMA_PISTOL, PID_FRAG_GRENADE, PID_PLASMA_GRENADE, PID_PULSE_GRENADE, PID_GATLING_LASER, PID_THROWING_KNIFE, PID_FLARE, PID_SHOTGUN, PID_SUPER_SLEDGE, PID_RIPPER, PID_LASER_RIFLE, PID_ALIEN_LASER_PISTOL, PID_9MM_MAUSER, PID_SNIPER_RIFLE, PID_MOLOTOV_COCKTAIL, PID_CATTLE_PROD, PID_RED_RYDER_BB_GUN, PID_RED_RYDER_LE_BB_GUN, PID_ACTIVE_FLARE, PID_TURBO_PLASMA_RIFLE, PID_SPIKED_KNUCKLES, PID_POWER_FIST, PID_COMBAT_KNIFE, PID_223_PISTOL, PID_COMBAT_SHOTGUN, PID_JONNY_BB_GUN, PID_HK_CAWS, PID_ROBO_ROCKET_LAUNCHER, PID_SHARP_SPEAR, PID_TOMMY_GUN, PID_SCOPED_HUNTING_RIFLE, PID_EYEBALL_FIST_1, PID_EYEBALL_FIST_2, PID_BOXING_GLOVES, PID_PLATED_BOXING_GLOVES, PID_HK_P90C, PID_SPRINGER_RIFLE, PID_ZIP_GUN, PID_44_MAGNUM_REVOLVER, PID_SWITCHBLADE, PID_SHARPENED_POLE, PID_GREASE_GUN, PID_BOZAR, PID_FN_FAL, PID_HK_G11, PID_INDEPENDENT, PID_PANCOR_JACKHAMMER, PID_LIGHT_SUPPORT_WEAPON, PID_PLANT_SPIKE, PID_DEATHCLAW_CLAW_1, PID_DEATHCLAW_CLAW_2, PID_SHIV, PID_WRENCH, PID_SAWED_OFF_SHOTGUN, PID_LOUISVILLE_SLUGGER, PID_M60, PID_NEEDLER_PISTOL, PID_AVENGER_MINIGUN, PID_SOLAR_SCORCHER, PID_HK_G11E, PID_M72_GAUSS_RIFLE, PID_PHAZER, PID_PK12_GAUSS_PISTOL, PID_VINDICATOR_MINIGUN, PID_YK32_PULSE_PISTOL, PID_YK42B_PULSE_RIFLE, PID_44_MAGNUM_SPEEDLOADER, PID_SUPER_CATTLE_PROD, PID_IMPROVED_FLAMETHROWER, PID_LASER_RIFLE_EXT_CAP, PID_MAGNETO_LASER_PISTOL, PID_FN_FAL_NIGHT_SCOPE, PID_DESERT_EAGLE_EXT_MAG, PID_ASSAULT_RIFLE_EXT_MAG, PID_PLASMA_PISTOL_EXT_CART, PID_MEGA_POWER_FIST, PID_HOLY_HAND_GRENADE, PID_GOLD_NUGGET, PID_URANIUM_ORE, PID_FIRE_GECKO_FLAME_WEAPON, PID_REFINED_ORE, PID_SPECIAL_BOXER_WEAPON, PID_RING_BOXING_GLOVES, PID_RING_PLATED_BOXING_GLOVES, PID_GUN_TURRET_WEAPON, PID_FN_FAL_HPFA, PID_LIL_JESUS_WEAPON, PID_DUAL_MINIGUN, PID_HEAVY_DUAL_MINIGUN, PID_WAKIZASHI_BLADE, PID_END_BOSS_KIFE, PID_END_BOSS_PLASMA_GUN

002 - FOnline weapons= PID_HEAVY_DUAL_MINIGUN_LONG_RANGE, PID_MAUSER_SMG, PID_ELEPHANT_GUN


##########################################################################################################################
# Tab 4
@DRG=DRUG

001 - Drugs= PID_STIMPAK, PID_RADAWAY, PID_ANTIDOTE, PID_MENTATS, PID_MUTATED_FRUIT, PID_IGUANA_ON_A_STICK, PID_BUFFOUT, PID_MEAT_ON_A_STICK, PID_NUKA_COLA, PID_RAD_X, PID_PSYCHO, PID_BEER, PID_BOOZE, PID_SUPER_STIMPAK, PID_JET, PID_JET_ANTIDOTE, PID_HEALING_POWDER, PID_GAMMA_GULP_BEER, PID_ROENTGEN_RUM, PID_HYPO_POISON, PID_COOKIE, PID_MONUMENT_CHUNCK, PID_ROT_GUT, PID_MUTATED_TOE, PID_KITTY_SEX_DRUG_AGILITY, PID_KITTY_SEX_DRUG_INTELLIGENCE, PID_KITTY_SEX_DRUG_STRENGTH, PID_HYPO, PID_BOX_OF_DOUGHNUTS, PID_DETOXIN

- Drinks=PID_NUKA_COLA, PID_BEER, PID_BOOZE, PID_GAMMA_GULP_BEER, PID_ROENTGEN_RUM, PID_ROT_GUT
- Meals=PID_MUTATED_FRUIT, PID_IGUANA_ON_A_STICK, PID_MEAT_ON_A_STICK, PID_COOKIE, PID_BOX_OF_DOUGHNUTS
- Drugs=PID_STIMPAK, PID_RADAWAY, PID_ANTIDOTE, PID_MENTATS, PID_BUFFOUT, PID_RAD_X, PID_PSYCHO, PID_SUPER_STIMPAK, PID_JET, PID_JET_ANTIDOTE, PID_HEALING_POWDER, PID_HYPO_POISON, PID_HYPO, PID_DETOXIN
- Stuff=PID_MONUMENT_CHUNCK, PID_MUTATED_TOE, PID_KITTY_SEX_DRUG_AGILITY, PID_KITTY_SEX_DRUG_INTELLIGENCE, PID_KITTY_SEX_DRUG_STRENGTH


##########################################################################################################################
# Tab 5
@AMMO=AMMO

001 - Ammo= PID_10MM_JHP, PID_10MM_AP, PID_44_MAGNUM_JHP, PID_FLAMETHROWER_FUEL, PID_EXPLOSIVE_ROCKET, PID_14MM_AP, PID_223_FMJ, PID_5MM_JHP, PID_5MM_AP, PID_ROCKET_AP, PID_SMALL_ENERGY_CELL, PID_MICRO_FUSION_CELL, PID_SHOTGUN_SHELLS, PID_44_FMJ_MAGNUM, PID_9MM_BALL, PID_BBS, PID_ROBO_ROCKET_AMMO, PID_45_CALIBER_AMMO, PID_2MM_EC_AMMO, PID_4_7MM_CASELESS, PID_9MM_AMMO, PID_HN_NEEDLER_CARTRIDGE, PID_HN_AP_NEEDLER_CARTRIDGE, PID_7_62MM_AMMO, PID_FLAMETHROWER_FUEL_MK_II, PID_700_NITRO_EXPRESS


##########################################################################################################################
# Tab 6
@CFT
- Generic= 4277-4282
- Tools= 76, 308


##########################################################################################################################
# Tab 7
@MISC=MISC, MAGIC

001 - Misc= PID_BOTTLE_CAPS, PID_FIRST_AID_KIT, PID_STEEL, PID_DYNAMITE, PID_STEALTH_BOY, PID_WATER_CHIP, PID_DOG_TAGS, PID_ELECTRONIC_BUG, PID_HOLODISK, PID_MOTION_SENSOR, PID_BRIEFCASE, PID_BIG_BOOK_OF_SCIENCE, PID_MULTI_TOOL, PID_DEANS_ELECTRONICS, PID_ELECTRONIC_LOCKPICKS, PID_FUZZY_PAINTING, PID_FIRST_AID_BOOK, PID_LOCKPICKS, PID_PLASTIC_EXPLOSIVES, PID_SCOUT_HANDBOOK, PID_WATCH, PID_MOTOR, PID_DOCTORS_BAG, PID_SCORPION_TAIL, PID_PUMP_PARTS, PID_GOLD_LOCKET, PID_LIGHTER, PID_GUNS_AND_BULLETS, PID_TAPE_RECORDER, PID_URN, PID_TANGLERS_HAND, PID_FLOWER, PID_NECKLACE, PID_PSYCHIC_NULLIFIER, PID_WATER_FLASK, PID_ROPE, PID_ACCESS_CARD, PID_BLACK_COC_BADGE, PID_RED_COC_BADGE, PID_DISK_FEV, PID_DISK_SECURITY, PID_DISK_ALPHA_EXPERIMENT, PID_DISK_DELTA_EXPERIMENT, PID_DISK_VREES_EXPERIMENT, PID_DISK_BROTHERHOOD_HONOR_CODE, PID_DISK_MUTANT_TRANSMISSIONS, PID_ACTIVE_GEIGER_COUNTER, PID_ACTIVE_MOTION_SENSOR, PID_ACTIVE_STEALTH_BOY, PID_BARTER_TANDI, PID_DISK_BROTHERHOOD_HISTORY, PID_DISK_MAXSON_HISTORY, PID_DISK_MAXSON_JOURNAL, PID_SECURITY_CARD, PID_YELLOW_PASS_KEY, PID_SMALL_STATUETTE, PID_CATS_PAW, PID_BOX_OF_NOODLES, PID_FROZEN_DINNER, PID_TECHNICAL_MANUAL, PID_MOTIVATOR, PID_DISK_VAULT_RECORDS, PID_DISK_MILITARY_BASE_SEC_CODE, PID_CHEMISTRY_MANUAL, PID_DISK_REGULATOR_TRANSMISSIONS, PID_ANNA_GOLD_LOCKET, PID_CAR_FUEL_CELL_CONTROLLER, PID_CAR_FUEL_INJECTION, PID_DAY_PASS, PID_FAKE_CITIZENSHIP, PID_CORNELIUS_GOLD_WATCH, PID_HY_MAG_PART, PID_RUBBER_BOOTS, PID_SLAG_MESSAGE, PID_SMITH_COOL_ITEM, PID_VIC_RADIO, PID_VIC_WATER_FLASK, PID_ROBOT_PARTS, PID_BROC_FLOWER, PID_XANDER_ROOT, PID_TROPHY_OF_RECOGNITION, PID_GECKO_PELT, PID_GOLDEN_GECKO_PELT, PID_FLINT, PID_NEURAL_INTERFACE, PID_DIXON_EYE, PID_CLIFTON_EYE, PID_MEAT_JERKY, PID_RADSCORPION_PARTS, PID_FIREWOOD, PID_CAR_FUEL_CELL, PID_SHOVEL, PID_HOLODISK_FAKE_V13, PID_CHEEZY_POOFS, PID_PLANK, PID_TRAPPER_TOWN_KEY, PID_CLIPBOARD, PID_GECKO_DATA_DISK, PID_REACTOR_DATA_DISK, PID_DECK_OF_TRAGIC_CARDS, PID_YELLOW_REACTOR_KEYCARD, PID_RED_REACTOR_KEYCARD, PID_PLASMA_TRANSFORMER, PID_SUPER_TOOL_KIT, PID_TALISMAN, PID_PART_REQUISITION_FORM, PID_BLUE_CONDOM, PID_GREEN_CONDOM, PID_RED_CONDOM, PID_COSMETIC_CASE, PID_HYPODERMIC_NEEDLE, PID_CYBERNETIC_BRAIN, PID_HUMAN_BRAIN, PID_CHIMP_BRAIN, PID_ABNORMAL_BRAIN, PID_DICE, PID_LOADED_DICE, PID_EASTER_EGG, PID_MAGIC_8_BALL, PID_MUTAGENIC_SYRUM, PID_CATS_PAW_ISSUE_5, PID_HEART_PILLS, PID_MOORE_BAD_BRIEFCASE, PID_MOORE_GOOD_BRIEFCASE, PID_LYNETTE_HOLO, PID_WESTIN_HOLO, PID_SPY_HOLO, PID_DR_HENRY_PAPERS, PID_PRESIDENTIAL_PASS, PID_RANGER_PIN, PID_RANGER_MAP, PID_COMPUTER_VOICE_MODULE, PID_ROBOT_MOTIVATOR, PID_GECK, PID_V15_KEYCARD, PID_V15_COMPUTER_PART, PID_FIELD_MEDIC_KIT, PID_PARAMEDICS_BAG, PID_EXP_LOCKPICK_SET, PID_ELEC_LOCKPICK_MKII, PID_OIL_CAN, PID_STABLES_ID_BADGE, PID_VAULT_13_SHACK_KEY, PID_SPECTACLES, PID_EMPTY_JET, PID_OXYGEN_TANK, PID_POISON_TANK, PID_MINE_PART, PID_MORNING_STAR_MINE, PID_EXCAVATOR_CHIP, PID_STONE_HEAD, PID_MEDICAL_SUPPLIES, PID_GOLD_TOOTH, PID_HOWITZER_SHELL, PID_RAMIREZ_BOX_CLOSED, PID_RAMIREZ_BOX_OPEN, PID_MIRROR_SHADES, PID_DECK_OF_CARDS, PID_MARKED_DECK_OF_CARDS, PID_TEMPLE_KEY, PID_POCKET_LINT, PID_BIO_GEL, PID_BLONDIE_DOG_TAG, PID_ANGEL_EYES_DOG_TAG, PID_TUCO_DOG_TAG, PID_RAIDERS_MAP, PID_SHERIFF_BADGE, PID_VERTIBIRD_PLANS, PID_BISHOPS_HOLODISK, PID_ACCOUNT_BOOK, PID_BRAHMIN_SKIN, PID_TORN_PAPER_1, PID_TORN_PAPER_2, PID_TORN_PAPER_3, PID_PASSWORD_PAPER, PID_EXPLOSIVE_SWITCH, PID_ELRON_FIELD_REP, PID_ENCLAVE_HOLODISK_5, PID_ENCLAVE_HOLODISK_1, PID_ENCLAVE_HOLODISK_2, PID_ENCLAVE_HOLODISK_3, PID_ENCLAVE_HOLODISK_4, PID_EVACUATION_HOLODISK, PID_EXPERIMENT_HOLODISK, PID_MEDICAL_HOLODISK, PID_PASSWORD_HOLODISK, PID_SMITTY_MEAL, PID_BALL_GAG, PID_BECKY_BOOK, PID_ELRON_MEMBER_HOLO, PID_DAISIES, PID_METAL_TRASH, PID_ENLIGHTENED_ONE_LETTER, PID_BROADCAST_HOLODISK, PID_SIERRA_MISSION_HOLODISK, PID_NAVCOM_PARTS, PID_FALLOUT_2_HINTBOOK, PID_PLAYERS_EAR, PID_MASTICATORS_EAR, PID_MEMO, PID_K9_MOTIVATOR, PID_NCR_HISTORY_HOLODISK, PID_MR_NIXON_DOLL, PID_TANKER_FOB, PID_ELRON_TEACH_HOLO, PID_KOKOWEEF_MINE_SCRIP, PID_PRES_ACCESS_KEY, PID_DERMAL_PIP_BOY_DISK, PID_MEM_CHIP_BLUE, PID_MEM_CHIP_GREEN, PID_MEM_CHIP_RED, PID_MEM_CHIP_YELLOW, PID_DECOMPOSING_BODY, PID_BLOW_UP_DOLL, PID_POPPED_BLOW_UP_DOLL, PID_PIP_BOY_MEDICAL_ENHANCER, PID_REAL_BOTTLE_CAPS, PID_MAP, PID_BOTTLE_EMPTY, PID_BOTTLE_FULL, PID_PART_OF_ROPE, PID_GUNPOWDER, PID_METAL_ORE, PID_MINERAL, PID_TUBE, PID_MEAT, PID_MOUSE_SKIN, PID_CIGARETTES, PID_BOTTLE_GLASS, PID_AXE, PID_MINE, PID_CHOSEN_HOLO, PID_CHOSEN_HOLO_DECODED, PID_LETTER_TO_LIN, PID_LETTER_TO_TODD, PID_EDWARD_REPORT, PID_LETTER_TO_SINDY, PID_LETTER_TO_CASSIDY, PID_FIRE_GECKO_PELT, PID_DANTON_POISON, PID_ARROYO_SYRINGE, PID_DEATH_STAR_PLANS, PID_FALLOUT_3_HOLO, PID_FAKE_GECK, PID_USED_GECK, PID_WELDING, PID_WELDING_USED, PID_RAGS, PID_NITROGLYCERIN, PID_CHEMICALS, PID_TNT, PID_HEXOGEN, PID_PLASTIC_EXPLOSIVES_DULL, PID_SANDBAG_EMPTY

002 - E. barriers= PID_EB_LONG_HOR, PID_EB_LONG_VERT, PID_EB_BLOCKER, PID_ENERGY_BARIER_ACCESS_CARD, PID_EB_TRIGGER, PID_EB_SHORT_HOR1, PID_EB_SHORT_VERT1, PID_EB_SHORT_HOR1_RED, PID_EB_SHORT_VERT1_RED, PID_EB_SHORT_HOR2, PID_EB_SHORT_VERT2, PID_EB_SHORT_HOR2_RED, PID_EB_SHORT_VERT2_RED, PID_EB_SHORT_HOR3, PID_EB_SHORT_VERT3, PID_EB_SHORT_HOR3_RED, PID_EB_SHORT_VERT3_RED, PID_EB_EMITTER_HOR1, PID_EB_EMITTER_VERT1, PID_EB_EMITTER_HOR2, PID_EB_EMITTER_VERT2, PID_EB_EMITTER_HOR3, PID_EB_EMITTER_VERT3

003 - Msc2= PID_GEIGER_COUNTER, PID_HOLODISK, PID_RADIO, PID_ACTIVE_DYNAMITE, PID_ACTIVE_PLASTIC_EXPLOSIVE, PID_TOGGLE_SWITCH, PID_MEMO, PID_MAP, PID_ACTIVE_MINE, PID_POSTMAN_LETTER, PID_CHOSEN_HOLO, PID_CHOSEN_HOLO_DECODED, PID_LETTER_TO_LIN, PID_LETTER_TO_TODD, PID_EDWARD_REPORT, PID_LETTER_TO_SINDY, PID_LETTER_TO_CASSIDY, PID_HUBOLOGIST_BOOK, PID_REBEL_TAG, PID_SANDBAG_1, PID_SANDBAG_2, PID_SANDBAG_3, PID_SANDBAG_4, PID_SANDBAG_5, PID_KOTW_BEER, PID_CHITIN_ARMOR_RECIPE, PID_FAKE_LETTER

004 - rifleman= 701, 702
005 - etc= 3228


##########################################################################################################################
# Tab 8
@KCD=KEY, CONTAINER, DOOR, CAR

001 - keys= PID_KEY, PID_KEYS, PID_RED_PASS_KEY, PID_BLUE_PASS_KEY, PID_NUKE_KEY, PID_YELLOW_PASS_KEY, PID_TEMPLE_KEY, PID_JAIL_KEY

002 - cars= PID_BUGGY, PID_BUGGY_BAG, PID_SCOUT, PID_SCOUT_BAG, PID_HUMMER, PID_HUMMER_BAG, PID_HIGHWAYMAN, PID_HIGHWAYMAN_BAG, PID_VERTIBIRD, PID_VERTIBIRD_BAG, PID_BOAT, PID_BOAT_BAG

003 - containers= PID_FRIDGE, PID_ICE_CHEST_LEFT, PID_ICE_CHEST_RIGHT, PID_BOOKCASE_0, PID_BOOKCASE_1, PID_BOOKCASE_2, PID_BOOKCASE_3, PID_BOOKCASE_4, PID_BOOKCASE_5, PID_DESK_0, PID_DESK_1, PID_DRESSER_0, PID_DRESSER_1, PID_DRESSER_2, PID_BACKPACK, PID_BROWN_BAG, PID_ALIEN_SIDE, PID_ALIEN_FORWARD, PID_FOOTLOCKER_CLEAN_LEFT, PID_FOOTLOCKER_RUSTY_LEFT, PID_FOOTLOCKER_CLEAN_RIGHT, PID_FOOTLOCKER_RUSTY_RIGHT, PID_LOCKER_CLEAN_LEFT, PID_LOCKER_RUSTY_LEFT, PID_LOCKER_CLEAN_RIGHT, PID_LOCKER_RUSTY_RIGHT, PID_WALL_LOCKER_CLEAN_LEFT, PID_WALL_LOCKER_CLEAN_RIGHT, PID_WALL_LOCKER_RUSTY_LEFT, PID_WALL_LOCKER_RUSTY_RIGHT, PID_BOOKSELF_0, PID_BOOKSELF_1, PID_BOOKSELF_2, PID_MISC_BOOKCASE_0, PID_BOOKSELF_3, PID_MISC_BOOKCASE_1, PID_SHELVES_0, PID_SHELVES_1, PID_SHELVES_2, PID_MISC_SHELVES_0, PID_SHELVES_3, PID_MISC_SHELVES_1, PID_WORKBENCH, PID_TOOL_BOARD, PID_IGUANA_STAND, PID_TABLE_0, PID_TABLE_1, PID_STUFF_0, PID_STUFF_1, PID_STUFF_2, PID_STUFF_3, PID_STUFF_4, PID_STUFF_5, PID_STUFF_6, PID_STUFF_7, PID_STUFF_8, PID_STUFF_9, PID_STUFF_10, PID_STUFF_11, PID_CONTAINER_WOOD_CRATE, PID_DESK_3, PID_DESK_4, PID_DESK_5, PID_DESK_6, PID_DESK_7, PID_DESK_8, PID_DESK_9, PID_LOCKER_7, PID_LOCKER_8, PID_BOX_0, PID_BOX_1, PID_BOX_2, PID_BOX_3, PID_BOX_4, PID_BOX_5, PID_BOX_6, PID_BOX_7, PID_VAULT_DWELLER_BONES, PID_REMAINSOF_GIZMO, PID_DESK_10, PID_SMALL_POT, PID_TALL_POT, PID_CHEST, PID_LEFT_ARROYO_BOOKCASE, PID_RIGHT_ARROYO_BOOKCASE, PID_OLIVE_POT, PID_FLOWER_POT, PID_HUMAN_BONES, PID_CRASHED_VERTI_BIRD, PID_GRAVESITE_1, PID_GRAVESITE_2, PID_GRAVESITE_3, PID_GRAVESITE_4, PID_LG_LT_AMMO_CRATE, PID_SM_LT_AMMO_CRATE, PID_LG_RT_AMMO_CRATE, PID_SM_RT_AMMO_CRATE, PID_LF_GRAVESITE_1, PID_LF_GRAVESITE_2, PID_LF_GRAVESITE_3, PID_STONE_HEAD, PID_WAGON_RED, PID_WAGON_GREY, PID_CAR_TRUNK, PID_HIDDEN_CONTAINER, PID_WALL_SAFE, PID_FLOOR_SAFE, PID_POOL_TABLE_1, PID_POOL_TABLE_2, PID_POOL_TABLE_3, PID_POOL_TABLE_4, PID_POOL_TABLE_5, PID_POOL_TABLE_6, PID_POOR_BOX, PID_DEAD_REDSHIRT_0, PID_DEAD_REDSHIRT_1, PID_DEAD_REDSHIRT_2, PID_MINING_MACHINE

004 - doors= 2002, 2008, 2018, 2019, 2022, 2023, 2077, 2087, 2088, 2089, 2142, 2143, 2144, 2151, 2153, 2154, 2173, 2195, 2196, 2258, 2259, 2260, 2261, 2332, 2333, 2346, 2361, 2362, 2406, 2421, 2437, 2438, 2448, 2470, 2481, 2482, 2486, 2581, 2645, 2825, 2826, 2848, 2849, 2850, 2934, 2954-2962, 2978, 2981, 2982, 2983, 2984, 2995, 3159, 3160, 3169, 3170, 3337, 3338, 3358, 3387-3392, 3417, 3418, 3434, 3435, 3449, 3466, 3467, 3479, 3480, 3491, 3492, 3531-3536, 3573-3576, 3709, 3709, 3710, 375, 3748, 3818, 3819, 3900-3904, 4757-4769

##########################################################################################################################
# Tab 9 
@GRD=GRID

001 - ladders= 2049,2068,2139,2140,2197,2348-2356,2583, 2584, 2977, 3293, 3297, 3298, 3645, 3647, 3648, 3655, 3660, 3685, 3835, 3853
002 - exit grids=40616-4023,4031-4046

##########################################################################################################################
# Tab 10
@GNR=GENERIC
001 - City Jink 1= 2001,2003-2007
001 - TLJ= 16201-16999
001 - Vault 13= 2009-2017, 2020, 2021, 2024-2048, 2050-2062
002 - Stones and misc= 2063-2066, 2069-2076, 2078-2086, 2090-2093
003 - Junktown= 2094-2127
004 - Necro sewer= 2129-2138
005 - Bro&Vault= 2145-2150, 2155-2172, 2174-2193
006 - Necro city= 2194, 2198-2257, 2262-2331, 2334-2343
007 - Cathedral= 2345, 2347, 2357-2360
008 - S. Sands= 2363-2383
009 - Tents&Indstr= 2384-2405, 2407-2420, 2422-2423
010 - M.base/Cath= 2425-2436, 2439-2447, 2449
011 - Gamble= 2450-2466
012 - Old elev.= 2467-2469
013 - Warehouse= 2471-2480
014 - Pray@Follow= 2483-2485, 2487-2508
015 - Crrap= 2509-2515
016 - Bro Elders= 2516-2526
017 - Carts= 2527-2532
018 - Bro sport= 2533-2543
019 - Ind,Bro,Cath= 2544-2580, 2582, 2585-2590
020 - In&Out= 2591-2644, 2646-2685
021 - Cliffs= 2686-2696
022 - Master= 2697-2824
023 - Robo= 2827-2847
024 - Signs= 2851-2900
025 - Robo2= 2901-2908
026 - Arroyo= 2909-2933, 2935-2953
027 - Klamath= 2963-2975
028 - Gecko&Ind= 2979-2980, 2985-2994, 2996-3018
029 - Reno= 3019-3141, 3448
030 - Indstr= 3142-3158, 3161-3168, 3171-3191
031 - Cav&Wall= 3192-3215
032 - Bodies= 3216-3227
033 - Sierra= 3230-3236
034 - Grvs&Grss= 3237-3253, 3294-3296
035 - NCR= 3254, 3273
036 - Beams=3274-3292, 3305-3320
037 - Gore= 3299-3304, 3321-3329
038 - Bulk= 3330-3336,3338-3357,3359-3379,3468-3472,3706-3708
039 - VCity= 3380-3386, 3436-3447
040 - Signs= 3393-3416,3419-3432
041 - Reno Bulk= 3473-3478, 3481-3490
042 - Enclave= 3493-3530, 3537, 3636-3644, 3649-3651, 3746-3747
043 - Frisco= 3450-3465, 3538-3572, 3577-3599, 3609-3619
044 - Temple&Ant= 3600-3608
045 - Mining= 3620-3635, 3652-3654, 3656, 3684-3687
046 - NCR= 3657-3659, 3661-3683
047 - Vertywhat?= 3688-3705
048 - Tanker= 3711-3720
049 - Greece= 3721-3736, 3737-3744, 3749-3755
050 - Moar Bulk= 3756-3792
051 - Colored stuff= 3793-3817, 3820-3834, 3836-3852
052 - Effects= 4001-4010, 4013-4015, 4024-4030, 4047-4060
053 - Craft= 4277-4282
054 - Tactics= 4500-4590
055 - Fallout:BGE= 4594-4611
056 - Hell= 4612-4657
FOnline latest=4667-4756, 4770-4999

##########################################################################################################################
# Tab 11 
@WLL=WALL
001 - Vault 13=5000-9999
002 - TLJ=16000-16200

##########################################################################################################################
# Tab 12 - TILES (hardcoded)
@TILE # Can't be redefined

##########################################################################################################################
# Tab 11 
@CRT=CRITTERS

- Heroes=:1,2,13,14,15,29,62,87,88,89,90,97,98,99,100,105,107-109,144-148,151,152,160-166,174-176,180,191-201,265,269,272,273,274,276,277,290,296,297,307, 309,310-353,361,364-368,371-378,384-399,405,406,412-421,431-435,437,445-446,449-450,452-454,467,468,471-475,479,482,483,516,517,523,525,2010,4000
- Casino=: 438-440,663
- Ghouls=: 101-104,159,173,178,179,226-229,258,647,648
- Citizens=: 91-94,220,221,267,268,455,456,652-658,664,665,668,669
- Replicants=: 1001-1006,1052
- Headhunters=: 181-190
- Slavery=: 17,18,19,20,21,22,23,24,25,26,27,28,140-143,217-218,224,225,511-515
- Hunters=: 95,96
- Farmers=: 63-68,214,215,303-306
- Bandits=: 30-38, 212,213,238,239,252,253,259,260,261,262,263,264,358-360,489,499,501-504,511-515,526,527,635-645,1008-1012,1014
- Guards=: 40-49,69,70,134-135,137-138,139,140,170,171,222,223,302,369,370,459-462,478,498,506,508-510,663,670-674,2000
- Crafters=: 167-169,234-237,295,301,451,491,493,500,660
- Mercs=: 71,72,254,255,400-403,407-411,422,423, 463-466,495,1100
- Children=: 50-53, 298,299,650,651
- Beggars=: 54-55,662,1007
- Boxers=: 427-430
- Traders=: 56-61,141-143,149,150,300,308,424-426,441-444,457,458,469,1106,1107
- Shi=: 301-308,492
- Whores=:39,436,447,448,667
- Tribals=:3,4,202-211,230-233,635,636
- Plants=:16,622,1025
- Insects=:5,6,12,216,355-357,382,383,487,488,490,505,611,612,619,620,1024,1033-1035
- Animals=:7,8,9,10,11,80-86,106,110-114,116,117,118,136,153-158,219,240-249,266,275,289,404, 476,477,481,507,518-522,610,613-618,621,623-629,630,1020-1023, 1026-1032,1036-1038
- Supermutants=: 119-121,256,257,649,1013
- Robots=: 73-79,172,379-381,524,528
- Turrets=: 470,480,2001,2002
- Enclave=: 250,251,288,291,292,293,294,492,495,496
- Cultists=:278,279,369,370,484,485
- Brotherhood=:486,494,497
- Strangers=: 270,271,280-287,362,363,646,661,1000,1054

##########################################################################################################################
# Tab 12 
@FST

001 - special= 2049, 2067, 2141, 2344, 3852, 3853, 4012, 4592, 5621, 5622, 6800-6805, 4016-4023, 4031-4046
002 - light= 2612, 2827, 2828, 2907, 2908, 2935, 2936, 3373-3376

##########################################################################################################################
# Tab 13
@IGN

##########################################################################################################################
# Tab 14 - INVENTORY (hardcoded)
@INV # Can only be renamed

##########################################################################################################################
# Tab 14 - MESSAGES (hardcoded)
@MSG # Can only be renamed

##########################################################################################################################
# Tab 14 - MAPS (hardcoded)
@MAP # Can only be renamed