1      PID_LEATHER_ARMOR
2      PID_METAL_ARMOR
3      PID_POWERED_ARMOR
4      PID_KNIFE
5      PID_CLUB
6      PID_SLEDGEHAMMER
7      PID_SPEAR
8      PID_10MM_PISTOL
9      PID_10MM_SMG
10     PID_HUNTING_RIFLE
11     PID_FLAMER
12     PID_MINIGUN
13     PID_ROCKET_LAUNCHER
14     PID_EXPLOSIVE_ROCKET
15     PID_PLASMA_RIFLE
16     PID_LASER_PISTOL
17     PID_COMBAT_ARMOR
18     PID_DESERT_EAGLE
19     PID_ROCK
20     PID_CROWBAR
21     PID_BRASS_KNUCKLES
22     PID_14MM_PISTOL
23     PID_ASSAULT_RIFLE
24     PID_PLASMA_PISTOL
25     PID_FRAG_GRENADE
26     PID_PLASMA_GRENADE
27     PID_PULSE_GRENADE
28     PID_GATLING_LASER
29     PID_10MM_JHP
30     PID_10MM_AP
31     PID_44_MAGNUM_JHP
32     PID_FLAMETHROWER_FUEL
33     PID_14MM_AP
34     PID_223_FMJ
35     PID_5MM_JHP
36     PID_5MM_AP
37     PID_ROCKET_AP
38     PID_SMALL_ENERGY_CELL
39     PID_MICRO_FUSION_CELL
40     PID_STIMPAK
41     PID_BOTTLE_CAPS
42     PID_FRIDGE
43     PID_ICE_CHEST_LEFT
44     PID_ICE_CHEST_RIGHT
45     PID_THROWING_KNIFE
46     PID_BAG
47     PID_FIRST_AID_KIT
48     PID_RADAWAY
49     PID_ANTIDOTE
50     PID_CRAFT_M_STEL
51     PID_DYNAMITE
52     PID_GEIGER_COUNTER
53     PID_MENTATS
54     PID_STEALTH_BOY
55     PID_CRAFT_E_PART
56     PID_DOG_TAGS
57     PID_ELECTRONIC_BUG
58     PID_HOLODISK
59     PID_MOTION_SENSOR
60     PID_BOOKCASE_0
61     PID_BOOKCASE_1
62     PID_BOOKCASE_2
63     PID_BOOKCASE_3
64     PID_BOOKCASE_4
65     PID_BOOKCASE_5
66     PID_DESK_0
67     PID_DESK_1
68     PID_DRESSER_0
69     PID_DRESSER_1
70     PID_DRESSER_2
71     PID_MUTATED_FRUIT
72     PID_BRIEFCASE
73     PID_BIG_BOOK_OF_SCIENCE
74     PID_LEATHER_JACKET
75     PID_MULTI_TOOL
76     PID_DEANS_ELECTRONICS
77     PID_ELECTRONIC_LOCKPICKS
78     PID_FUZZY_PAINTING
79     PID_FLARE
80     PID_FIRST_AID_BOOK
81     PID_IGUANA_ON_A_STICK
82     PID_KEY
83     PID_KEYS
84     PID_LOCKPICKS
85     PID_PLASTIC_EXPLOSIVES
86     PID_SCOUT_HANDBOOK
87     PID_BUFFOUT
88     PID_WATCH
89     PID_MOTOR
90     PID_BACKPACK
91     PID_DOCTORS_BAG
92     PID_SCORPION_TAIL
93     PID_BROWN_BAG
94     PID_SHOTGUN
95     PID_SHOTGUN_SHELLS
96     PID_RED_PASS_KEY
97     PID_BLUE_PASS_KEY
98     PID_CRAFT_M_JUNK
99     PID_GOLD_LOCKET
100    PID_RADIO
101    PID_LIGHTER
102    PID_GUNS_AND_BULLETS
103    PID_MEAT_ON_A_STICK
104    PID_TAPE_RECORDER
105    PID_NUKE_KEY
106    PID_NUKA_COLA
107    PID_ALIEN_SIDE
108    PID_ALIEN_FORWARD
109    PID_RAD_X
110    PID_PSYCHO
111    PID_44_FMJ_MAGNUM
112    PID_URN
113    PID_PURPLE_ROBE
114    PID_TANGLERS_HAND
115    PID_SUPER_SLEDGE
116    PID_RIPPER
117    PID_FLOWER
118    PID_LASER_RIFLE
119    PID_NECKLACE
120    PID_ALIEN_LASER_PISTOL
121    PID_9MM_BALL
122    PID_9MM_MAUSER
123    PID_PSYCHIC_NULLIFIER
124    PID_BEER
125    PID_BOOZE
126    PID_WATER_FLASK
127    PID_ROPE
128    PID_FOOTLOCKER_CLEAN_LEFT
129    PID_FOOTLOCKER_RUSTY_LEFT
130    PID_FOOTLOCKER_CLEAN_RIGHT
131    PID_FOOTLOCKER_RUSTY_RIGHT
132    PID_LOCKER_CLEAN_LEFT
133    PID_LOCKER_RUSTY_LEFT
134    PID_LOCKER_CLEAN_RIGHT
135    PID_LOCKER_RUSTY_RIGHT
136    PID_WALL_LOCKER_CLEAN_LEFT
137    PID_WALL_LOCKER_CLEAN_RIGHT
138    PID_WALL_LOCKER_RUSTY_LEFT
139    PID_WALL_LOCKER_RUSTY_RIGHT
140    PID_ACCESS_CARD
141    PID_BLACK_COC_BADGE
142    PID_RED_COC_BADGE
143    PID_SNIPER_RIFLE
144    PID_SUPER_STIMPAK
145    PID_BOOKSELF_0
146    PID_BOOKSELF_1
147    PID_BOOKSELF_2
148    PID_MISC_BOOKCASE_0
149    PID_BOOKSELF_3
150    PID_MISC_BOOKCASE_1
151    PID_SHELVES_0
152    PID_SHELVES_1
153    PID_SHELVES_2
154    PID_MISC_SHELVES_0
155    PID_SHELVES_3
156    PID_MISC_SHELVES_1
157    PID_WORKBENCH
158    PID_TOOL_BOARD
159    PID_MOLOTOV_COCKTAIL
160    PID_CATTLE_PROD
161    PID_RED_RYDER_BB_GUN
162    PID_RED_RYDER_LE_BB_GUN
163    PID_BBS
165    PID_IGUANA_STAND
166    PID_TABLE_0
167    PID_TABLE_1
168    PID_STUFF_0
169    PID_STUFF_1
170    PID_STUFF_2
171    PID_STUFF_3
172    PID_STUFF_4
173    PID_STUFF_5
174    PID_STUFF_6
175    PID_STUFF_7
176    PID_STUFF_8
177    PID_STUFF_9
178    PID_STUFF_10
179    PID_STUFF_11
180    PID_CONTAINER_WOOD_CRATE
181    PID_DESK_3
182    PID_DESK_4
183    PID_DESK_5
184    PID_DESK_6
185    PID_DESK_7
186    PID_DESK_8
187    PID_DESK_9
188    PID_LOCKER_7
189    PID_LOCKER_8
190    PID_DISK_FEV
191    PID_DISK_SECURITY
192    PID_DISK_ALPHA_EXPERIMENT
193    PID_DISK_DELTA_EXPERIMENT
194    PID_DISK_VREES_EXPERIMENT
195    PID_DISK_BROTHERHOOD_HONOR_CODE
196    PID_DISK_MUTANT_TRANSMISSIONS
197    PID_BOX_0
198    PID_BOX_1
199    PID_BOX_2
200    PID_BOX_3
201    PID_BOX_4
202    PID_BOX_5
203    PID_BOX_6
204    PID_BOX_7
205    PID_ACTIVE_FLARE
206    PID_ACTIVE_DYNAMITE
207    PID_ACTIVE_GEIGER_COUNTER
208    PID_ACTIVE_MOTION_SENSOR
209    PID_ACTIVE_PLASTIC_EXPLOSIVE
210    PID_ACTIVE_STEALTH_BOY
211    PID_VAULT_DWELLER_BONES
212    PID_BARTER_TANDI
213    PID_REMAINSOF_GIZMO
214    PID_DESK_10
215    PID_DISK_BROTHERHOOD_HISTORY
216    PID_DISK_MAXSON_HISTORY
217    PID_DISK_MAXSON_JOURNAL
218    PID_BARTER_LIGHT_HEALING
219    PID_BARTER_MEDIUM_HEALING
220    PID_BARTER_HEAVY_HEALING
221    PID_SECURITY_CARD
222    PID_TOGGLE_SWITCH
223    PID_YELLOW_PASS_KEY
224    PID_SMALL_STATUETTE
225    PID_CATS_PAW
226    PID_BOX_OF_NOODLES
227    PID_FROZEN_DINNER
228    PID_TECHNICAL_MANUAL
229    PID_MOTIVATOR
230    PID_DISK_VAULT_RECORDS
231    PID_DISK_MILITARY_BASE_SEC_CODE
232    PID_HARDENED_POWER_ARMOR
233    PID_TURBO_PLASMA_RIFLE
234    PID_SPIKED_KNUCKLES
235    PID_POWER_FIST
236    PID_COMBAT_KNIFE
237    PID_CHEMISTRY_MANUAL
238    PID_DISK_REGULATOR_TRANSMISSIONS
239    PID_BROTHERHOOD_COMBAT_ARMOR
240    PID_TESLA_ARMOR
241    PID_223_PISTOL
242    PID_COMBAT_SHOTGUN
243    PID_SMALL_POT
244    PID_TALL_POT
245    PID_CHEST
246    PID_LEFT_ARROYO_BOOKCASE
247    PID_RIGHT_ARROYO_BOOKCASE
248    PID_OLIVE_POT
249    PID_FLOWER_POT
250    PID_HUMAN_BONES
251    PID_BONES
252    PID_ANNA_GOLD_LOCKET
253    PID_CAR_FUEL_CELL_CONTROLLER
254    PID_CAR_FUEL_INJECTION
255    PID_DAY_PASS
256    PID_FAKE_CITIZENSHIP
257    PID_CORNELIUS_GOLD_WATCH
258    PID_HY_MAG_PART
259    PID_JET
260    PID_JET_ANTIDOTE
261    PID_JONNY_BB_GUN
262    PID_RUBBER_BOOTS
263    PID_SLAG_MESSAGE
264    PID_SMITH_COOL_ITEM
265    PID_CURED_LEATHER_ARMOR
266    PID_VIC_RADIO
267    PID_VIC_WATER_FLASK
268    PID_HK_CAWS
269    PID_ROBOT_PARTS
270    PID_ROBO_ROCKET_LAUNCHER
271    PID_BROC_FLOWER
272    PID_XANDER_ROOT
273    PID_HEALING_POWDER
274    PID_ROBO_ROCKET_AMMO
275    PID_TROPHY_OF_RECOGNITION
276    PID_GECKO_PELT
277    PID_GOLDEN_GECKO_PELT
278    PID_FLINT
279    PID_NEURAL_INTERFACE
280    PID_SHARP_SPEAR
281    PID_DIXON_EYE
282    PID_CLIFTON_EYE
283    PID_TOMMY_GUN
284    PID_MEAT_JERKY
285    PID_RADSCORPION_PARTS
286    PID_FIREWOOD
287    PID_SCOPED_HUNTING_RIFLE
288    PID_CAR_FUEL_CELL
289    PID_SHOVEL
290    PID_EYEBALL_FIST_1
291    PID_EYEBALL_FIST_2
292    PID_BOXING_GLOVES
293    PID_PLATED_BOXING_GLOVES
294    PID_HOLODISK_FAKE_V13
295    PID_CHEEZY_POOFS
296    PID_HK_P90C
297    PID_PLANK
298    PID_TRAPPER_TOWN_KEY
299    PID_SPRINGER_RIFLE
300    PID_ZIP_GUN
301    PID_CLIPBOARD
302    PID_GECKO_DATA_DISK
303    PID_REACTOR_DATA_DISK
304    PID_DECK_OF_TRAGIC_CARDS
305    PID_YELLOW_REACTOR_KEYCARD
306    PID_RED_REACTOR_KEYCARD
307    PID_PLASMA_TRANSFORMER
308    PID_SUPER_TOOL_KIT
309    PID_TALISMAN
310    PID_GAMMA_GULP_BEER
311    PID_ROENTGEN_RUM
312    PID_PART_REQUISITION_FORM
313    PID_44_MAGNUM_REVOLVER
314    PID_BLUE_CONDOM
315    PID_GREEN_CONDOM
316    PID_RED_CONDOM
317    PID_COSMETIC_CASE
318    PID_HYPODERMIC_NEEDLE
319    PID_SWITCHBLADE
320    PID_SHARPENED_POLE
321    PID_CYBERNETIC_BRAIN
322    PID_HUMAN_BRAIN
323    PID_CHIMP_BRAIN
324    PID_ABNORMAL_BRAIN
325    PID_DICE
326    PID_LOADED_DICE
327    PID_EASTER_EGG
328    PID_MAGIC_8_BALL
329    PID_MUTAGENIC_SYRUM
330    PID_CRASHED_VERTI_BIRD
331    PID_CATS_PAW_ISSUE_5
332    PID_GREASE_GUN
333    PID_HEART_PILLS
334    PID_HYPO_POISON
335    PID_MOORE_BAD_BRIEFCASE
336    PID_MOORE_GOOD_BRIEFCASE
337    PID_LYNETTE_HOLO
338    PID_WESTIN_HOLO
339    PID_SPY_HOLO
340    PID_DR_HENRY_PAPERS
341    PID_PRESIDENTIAL_PASS
342    PID_RANGER_PIN
343    PID_RANGER_MAP
344    PID_GRAVESITE_1
345    PID_GRAVESITE_2
346    PID_GRAVESITE_3
347    PID_GRAVESITE_4
348    PID_ADVANCED_POWER_ARMOR
349    PID_ADVANCED_POWER_ARMOR_MK2
350    PID_BOZAR
351    PID_FN_FAL
352    PID_HK_G11
353    PID_INDEPENDENT
354    PID_PANCOR_JACKHAMMER
355    PID_LIGHT_SUPPORT_WEAPON
356    PID_CRAFT_E_LAMP
357    PID_45_CALIBER_AMMO
358    PID_2MM_EC_AMMO
359    PID_4_7MM_CASELESS
360    PID_9MM_AMMO
361    PID_HN_NEEDLER_CARTRIDGE
362    PID_HN_AP_NEEDLER_CARTRIDGE
363    PID_7_62MM_AMMO
364    PID_ROBOT_MOTIVATOR
365    PID_PLANT_SPIKE
366    PID_GECK
367    PID_LG_LT_AMMO_CRATE
368    PID_SM_LT_AMMO_CRATE
369    PID_LG_RT_AMMO_CRATE
370    PID_SM_RT_AMMO_CRATE
371    PID_DEATHCLAW_CLAW_1
372    PID_DEATHCLAW_CLAW_2
373    PID_V15_KEYCARD
374    PID_LF_GRAVESITE_1
375    PID_LF_GRAVESITE_2
376    PID_LF_GRAVESITE_3
377    PID_CRAFT_E_CHIP
378    PID_COOKIE
379    PID_LEATHER_ARMOR_MK_II
380    PID_METAL_ARMOR_MK_II
381    PID_COMBAT_ARMOR_MK_II
382    PID_FLAMETHROWER_FUEL_MK_II
383    PID_SHIV
384    PID_WRENCH
385    PID_SAWED_OFF_SHOTGUN
386    PID_LOUISVILLE_SLUGGER
387    PID_M60
388    PID_NEEDLER_PISTOL
389    PID_AVENGER_MINIGUN
390    PID_SOLAR_SCORCHER
391    PID_HK_G11E
392    PID_M72_GAUSS_RIFLE
393    PID_PHAZER
394    PID_PK12_GAUSS_PISTOL
395    PID_VINDICATOR_MINIGUN
396    PID_YK32_PULSE_PISTOL
397    PID_YK42B_PULSE_RIFLE
398    PID_44_MAGNUM_SPEEDLOADER
399    PID_SUPER_CATTLE_PROD
400    PID_IMPROVED_FLAMETHROWER
401    PID_LASER_RIFLE_EXT_CAP
402    PID_MAGNETO_LASER_PISTOL
403    PID_FN_FAL_NIGHT_SCOPE
404    PID_DESERT_EAGLE_EXT_MAG
405    PID_ASSAULT_RIFLE_EXT_MAG
406    PID_PLASMA_PISTOL_EXT_CART
407    PID_MEGA_POWER_FIST
408    PID_FIELD_MEDIC_KIT
409    PID_PARAMEDICS_BAG
410    PID_EXP_LOCKPICK_SET
411    PID_ELEC_LOCKPICK_MKII
412    PID_OIL_CAN
413    PID_STABLES_ID_BADGE
414    PID_VAULT_13_SHACK_KEY
415    PID_SPECTACLES
416    PID_EMPTY_JET
417    PID_OXYGEN_TANK
418    PID_POISON_TANK
419    PID_MINE_PART
420    PID_MORNING_STAR_MINE
421    PID_HOLY_HAND_GRENADE
422    PID_EXCAVATOR_CHIP
423    PID_GOLD_NUGGET
424    PID_MONUMENT_CHUNCK
425    PID_STONE_HEAD
426    PID_URANIUM_ORE
427    PID_FIRE_GECKO_FLAME_WEAPON
428    PID_MEDICAL_SUPPLIES
429    PID_GOLD_TOOTH
430    PID_HOWITZER_SHELL
431    PID_RAMIREZ_BOX_CLOSED
432    PID_RAMIREZ_BOX_OPEN
433    PID_MIRROR_SHADES
434    PID_WAGON_RED
435    PID_WAGON_GREY
436    PID_DECK_OF_CARDS
437    PID_MARKED_DECK_OF_CARDS
438    PID_TEMPLE_KEY
439    PID_CRAFT_L_LINT
440    PID_BIO_GEL
441    PID_BLONDIE_DOG_TAG
442    PID_ANGEL_EYES_DOG_TAG
443    PID_TUCO_DOG_TAG
444    PID_RAIDERS_MAP
445    PID_SHERIFF_BADGE
446    PID_VERTIBIRD_PLANS
447    PID_BISHOPS_HOLODISK
448    PID_ACCOUNT_BOOK
449    PID_BRAHMIN_SKIN
450    PID_TORN_PAPER_1
451    PID_TORN_PAPER_2
452    PID_TORN_PAPER_3
453    PID_PASSWORD_PAPER
454    PID_EXPLOSIVE_SWITCH
455    PID_CAR_TRUNK
456    PID_JAIL_KEY
457    PID_ELRON_FIELD_REP
458    PID_ENCLAVE_HOLODISK_5
459    PID_ENCLAVE_HOLODISK_1
460    PID_ENCLAVE_HOLODISK_2
461    PID_ENCLAVE_HOLODISK_3
462    PID_ENCLAVE_HOLODISK_4
463    PID_EVACUATION_HOLODISK
464    PID_EXPERIMENT_HOLODISK
465    PID_MEDICAL_HOLODISK
466    PID_PASSWORD_HOLODISK
467    PID_HIDDEN_CONTAINER
468    PID_SMITTY_MEAL
469    PID_ROT_GUT
470    PID_BALL_GAG
471    PID_BECKY_BOOK
472    PID_ELRON_MEMBER_HOLO
473    PID_MUTATED_TOE
474    PID_DAISIES
475    PID_CRAFT_M_BARS
476    PID_ENLIGHTENED_ONE_LETTER
477    PID_BROADCAST_HOLODISK
478    PID_SIERRA_MISSION_HOLODISK
479    PID_NAVCOM_PARTS
480    PID_KITTY_SEX_DRUG_AGILITY
481    PID_KITTY_SEX_DRUG_INTELLIGENCE
482    PID_KITTY_SEX_DRUG_STRENGTH
483    PID_FALLOUT_2_HINTBOOK
484    PID_PLAYERS_EAR
485    PID_MASTICATORS_EAR
486    PID_REFINED_ORE
487    PID_MEMO
488    PID_K9_MOTIVATOR
489    PID_SPECIAL_BOXER_WEAPON
490    PID_NCR_HISTORY_HOLODISK
491    PID_MR_NIXON_DOLL
492    PID_TANKER_FOB
493    PID_ELRON_TEACH_HOLO
494    PID_KOKOWEEF_MINE_SCRIP
495    PID_PRES_ACCESS_KEY
496    PID_RING_BOXING_GLOVES
497    PID_RING_PLATED_BOXING_GLOVES
498    PID_GUN_TURRET_WEAPON
499    PID_DERMAL_PIP_BOY_DISK
500    PID_FN_FAL_HPFA
501    PID_WALL_SAFE
502    PID_FLOOR_SAFE
503    PID_MEM_CHIP_BLUE
504    PID_MEM_CHIP_GREEN
505    PID_MEM_CHIP_RED
506    PID_MEM_CHIP_YELLOW
507    PID_DECOMPOSING_BODY
508    PID_BLOW_UP_DOLL
509    PID_POPPED_BLOW_UP_DOLL
510    PID_POOL_TABLE_1
511    PID_POOL_TABLE_2
512    PID_POOL_TABLE_3
513    PID_POOL_TABLE_4
514    PID_POOL_TABLE_5
515    PID_POOL_TABLE_6
516    PID_PIP_BOY_MEDICAL_ENHANCER
517    PID_LIL_JESUS_WEAPON
518    PID_DUAL_MINIGUN
519    PID_REAL_BOTTLE_CAPS
520    PID_HEAVY_DUAL_MINIGUN
521    PID_POOR_BOX
522    PID_WAKIZASHI_BLADE
523    PID_MAP
524    PID_KEEPBRIGE_ROBE
525    PID_HYPO
526    PID_DEAD_REDSHIRT_0
527    PID_DEAD_REDSHIRT_1
528    PID_DEAD_REDSHIRT_2
529    PID_MINING_MACHINE
530    PID_END_BOSS_KIFE
531    PID_END_BOSS_PLASMA_GUN
532    PID_BOTTLE_EMPTY
533    PID_BOTTLE_FULL
534    PID_PART_OF_ROPE
535    PID_GUNPOWDER
536    PID_METAL_ORE
537    PID_MINERAL
538    PID_TUBE
539    PID_MEAT
540    PID_MOUSE_SKIN
541    PID_CIGARETTES
542    PID_BOTTLE_GLASS
543    PID_AXE
544    PID_MINE
545    PID_ACTIVE_MINE
548    PID_POSTMAN_LETTER
549    PID_CHOSEN_HOLO
550    PID_CHOSEN_HOLO_DECODED
551    PID_LETTER_TO_LIN
552    PID_LETTER_TO_TODD
553    PID_EDWARD_REPORT
554    PID_LETTER_TO_SINDY
555    PID_LETTER_TO_CASSIDY
556    PID_FIRE_GECKO_PELT
557    PID_DANTON_POISON
558    PID_JUMPSUIT
559    PID_FAKE_JUMPSUIT
560    PID_ARROYO_SYRINGE
561    PID_DEATH_STAR_PLANS
562    PID_FALLOUT_3_HOLO
563    PID_FAKE_GECK
564    PID_USED_GECK
565    PID_WELDING
566    PID_WELDING_USED
567    PID_KEY_ELEV_1
568    PID_KEY_ELEV_2
569    PID_KEY_ELEV_3
570    PID_KEY_ELEV_4
571    PID_HUBOLOGIST_BOOK
572    PID_CRAFT_L_RAGS
573    PID_NITROGLYCERIN
574    PID_CHEMICALS
575    PID_TNT
576    PID_HEXOGEN
577    PID_PLASTIC_EXPLOSIVES_DULL
578    PID_MAUSER_SMG
579    PID_REBEL_TAG
580    PID_SANDBAG_1
581    PID_SANDBAG_2
582    PID_SANDBAG_3
583    PID_SANDBAG_4
584    PID_SANDBAG_5
585    PID_BLACK_ROBE
586    PID_MIRELURK_ARMOR
587	   PID_SANDBAG_EMPTY

590    PID_KOTW_STATUE
591    PID_COLT
592    PID_MUTARMOR_METAL
593    PID_MUTARMOR_LEATHER 
594    PID_SOUND_BLASTER
595    PID_CLAW_EXT
596    PID_FIREBREATH
597    PID_SCISSORS
598    PID_CUTTHROAT
599    PID_MICROCHIP
600    PID_LASER_RIFLE_LOW
601    PID_PA_PARTS
602    PID_SANDROBE

650    PID_BALL

660    PID_FLASH_GRENADE

670    PID_DEFIB

675    PID_BASS1
676    PID_BASS2
677    PID_BASS3
678    PID_BASS4
679    PID_BASS5
680    PID_ANTIDOTE_2

690    PID_HANDCUFFS
691    PID_CUFFS_KEY
692    PID_HANDCUFFS_USED
693    PID_BROKEN_CUFFS

800    PID_HUMMER
801    PID_HUMMER_BAG

808    PID_VERTIBIRD

824    PID_BOOK2

826    PID_PECHATKA
827    PID_CLOCK

829    PID_COLORS

831    PID_WELGLASSES

835	   PID_TRAP_KNIFES
836    PID_CR_OF_CHAIR_2
837    PID_CR_JNK_SOFA
838    PID_CR_CARPET
839    PID_CR_DRYER
840    PID_CR_ALTAR
841    PID_CR_STAND
842    PID_CR_WOOD_TBL_LP
843    PID_CR_STAKE
844    PID_CR_ARM_BED
845    PID_CR_CART
846    PID_CR_ARM_CHAIR

873	   PID_CR_WOOD_CHAIR
874	   PID_CR_CMFRT_CHAIR
875	   PID_CR_METAL_CHAIR
876	   PID_CR_RAGS_CHAIR
877    PID_CR_SLP_BAG
878    PID_CR_MTRS
879    PID_CR_BD_DBL_BED
880    PID_CR_JNK_BED
881    PID_CR_SUN_BED
882    PID_CR_WOOD_BAD
883    PID_CR_LUX_BED
884    PID_CR_WOOD_TBL
885    PID_CR_WOOD_TBL_GD
886    PID_CR_MT_TBL_SMALL
887    PID_CR_MT_TBL_OVAL
888    PID_KEY_BUNCH
889    PID_CR_MT_TBL_BG
890    PID_CR_MT_TBL_BG_ALT
891    PID_CR_MT_TBL_WR
892    PID_CR_JNK_TBL_WR
893    PID_CR_WOOD_TBL_DINNER
894    PID_CR_WOOD_TBL_WR 
895    PID_CR_BOX
896    PID_CR_WOOD_CAB_SMALL 
897    PID_CR_WOOD_SHELF
898    PID_CR_JNK_CAB
899    PID_CR_OF_CHAIR


900    ITEM_TREASURE_HOLE
903    PID_ZAPLATKA_CRAFT_FURNITURE
905	   PID_SKIN_CHANGER
907    PID_NEED_CART_POISON
908    PID_NEED_CART_NT
909	   PID_POPUP
910	   PID_MODOC_DOCUMENTS
911    PID_ZAPLATKA_CRAFT_BASIC
912    PID_ZAPLATKA_CRAFT_MISC
913    PID_ZAPLATKA_CRAFT_TOOLS
914    PID_ZAPLATKA_CRAFT_CHEM
915    PID_ZAPLATKA_CRAFT_AMMO
916    PID_ZAPLATKA_CRAFT_PISTOLS
917    PID_ZAPLATKA_CRAFT_BIG
918    PID_ZAPLATKA_CRAFT_ENERGY
919    PID_ZAPLATKA_CRAFT_ARMOUR
920    PID_ROD
921    PID_HOOK
922    PID_STRING
923    PID_ROD_STRING
924    PID_ROD_STRING_HOOK
925	   PID_TRAP_ELECTRIC
926	   PID_TRAP_ITEM_BREAKER
927	   PID_TRAP_FIRE_BREATH
928	   PID_TRAP_POISON_BLADE
929	   PID_TRAP_CANISTER_SHOT
930	   PID_TRAP_STAKE
931	   PID_TRAP_SLEDGE_HAMMER
932	   PID_TRAP_STUNNER
939    PID_ALGAE
940    PID_FISH_SMALLEST
941    PID_FISH_SMALL
942    PID_FISH
943    PID_FISH_BIG
944    PID_FISH_BIGGEST
951	   PID_POLICE_ARMOR

960    PID_PLANT_RADCVET

1033   PID_CURED_LEATHER_ARMOR_MK_II
1034	PID_ONEHAND_ROCKET_LAUNCHER
1035	PID_GRENADELAUNCHER_AMMO
1036	PID_GRENADELAUNCHER
1037	PID_FLARE_GUN
1038	PID_FLARE_GUN_AMMO

1039	PID_REMINGTON
1040	PID_ANACONDA
1041    PID_PLASMA_PISTOL_LOW
1042	PID_KNIFE_P
1043	PID_SPEAK_P
1044	PID_MKNIFE_P
1045	PID_CKNIFE_P

1046	PID_SHURIKEN
1047	PID_HELL_SPEAR
1048	PID_SKVORODA

1220	PID_HUNT
1221	PID_H_CLAW
1222	PID_LEATHER_ARMOR_MK_III
1223    PID_EKZO_2
1224    PID_EKZO_3
1225	PID_CARED

1227	PID_SUN
1228	PID_SUN2
1229	PID_SUN3
1230	PID_SUNC
1231	PID_DOLL
1232	PID_KIRE
1233	PID_M41A

1306    PID_ZAPLATKA_CRAFT_SMG
1307    PID_ZAPLATKA_CRAFT_RIFLES
1308    PID_ZAPLATKA_CRAFT_SHOTGUNS
1309    PID_ZAPLATKA_CRAFT_MELEE
1310    PID_ZAPLATKA_CRAFT_THROWING
1311	PID_ZAPLATKA_CRAFT_TRAPS
1312    PID_ZAPLATKA_CRAFT_DETAILS
1313	PID_BLANK_KEY

1315    PID_ZAPLATKA_CRAFT_CAMO
1317	PID_LOCKER_LOW
1318	PID_LOCKER_MED
1319	PID_LOCKER_HARD
1321    PID_BANDAGE
1322    PID_ANTISEPTIC
1323    PID_MEDCLIP
1324	PID_MEDSPLINT
1325    PID_MEDTHREAD
1326    PID_MEDNEEDLE
1330    PID_CR_CHEST
1331    PID_HOUND_ARMOR
1332    PID_TESLA_MUTARMOR

1398    PID_MOTOGLES
1399    PID_RESPIRATOR
1400	PID_SAWGUN_LOW
1401	PID_GATLING_LOW
1402	PID_DRUM_GUN_LOW
1403	PID_SNIPER_GUN_LOW
1404	PID_PLASMA_SMG_LOW
1405	PID_SHOTPISTOL_LOW
1406	PID_REVOLVER_LOW
1407	PID_PISTOL_LOW
1408	PID_REV_RIFLE_LOW
1409	PID_GECKO_LOW
1410	PID_BIGGUN_LOW
1411	PID_BOOMERANG_LOW
1412	PID_SMOKE_GUN_LOW
1413	PID_REV_BALL1
1414	PID_REV_BALL2
1415	PID_14mm_BIGGUN2_LOW
1416	PID_3GUN_LOW
1417	PID_REVFIST1
1418	PID_REVKNIFE1
1419	PID_REVKNIFE2
1420	PID_CHAIN
1421	PID_REVCLUB1
1422	PID_AUTOGUN_LOW
1423	PID_IRON_PROD
1424	PID_GOLF_CLUB
1425	PID_WOOD_PLANK
1426	PID_WATER_TUBE
1427	PID_SPEARTHROWER1
1428	PID_SPEARTHROWER2
1429    PID_SNOWBALL
1430	PID_10mm_LOW
1431	PID_044mag_LOW
1432	PID_14mm_LOW
1433	PID_12g_LOW
1434	PID_223_LOW
1435	PID_CUENCELL_LOW
1436	PID_MUSH_LOW
1437	PID_RAD_LOW
1438	PID_DARTS_LOW
1440	PID_RAD_MEAT
1441	PID_MANTIS_SHELL
1442	PID_MIRELUK_SHELL
1443	PID_MUTATED_GLAND
1444	PID_MOLERAT_STOMATCH

1448	PID_XMAS_TREASURE

1457	PID_MANTIS_ARMOR
1458	PID_SIGN

1470	PID_GOLDEN_BAR
1471	PID_GOLDEN_JEWELRY
1472	PID_GOLDEN_COIN
1473	PID_IRON_PLATE
1474	PID_IRON_BAR
1475	PID_IRON_DETALS

1477	PID_PB_PLATE
1478	PID_PB_FOR_AMMO
1479    PID_ROCK_BLOCK

1480    PID_BRICK
1481    PID_ROCK_DUST
1482    PID_ROCK_PLANK

1483	PID_SAND
1484	PID_GLASS_BAR
1485	PID_GLASS
1486	PID_LINZA
1487	PID_MIRROR

1488	PID_WOOD_PART
1489    PID_WOOD_PLANK2

1490	PID_KOSYAK

1496    PID_KLK

1500	PID_PICKAXE
1501    PID_OZHER
1502	PID_PERED_MEH
1503	PID_SOED_MEH
1504	PID_OHLAD_MEH
1505	PID_DETAL_MEH
1506	PID_EMKOCT_MEH
1507	PID_HLAM_MEH
1508	PID_HLAM2_MEH
1509	PID_BANKA_MEH
1510	PID_SPIKE_MEH
1511	PID_ELECTO_MEH
1512	PID_CRAFT_L_HIDE
1513	PID_MAG_LENTA
1516	PID_SAMURAI_MAG
1517	PID_DVIGAT_MEH
1518	PID_SCIENCE_MAG
1519	PID_METAL_LIST_MEH
1520	PID_LASER_PISTOL_LOW
1521	PID_LASER_PISTOL_LOW2
1522	PID_DRILL

1527    PID_RPSTUFF1
1528    PID_RPSTUFF2
1529    PID_RPSTUFF3
1530    PID_RPSTUFF4

1540	PID_DOSIMETR
1541	PID_DOSIMETR_USED
1542	PID_PACKAGE
1543	PID_PACKAGE_CHEK

1547	PID_PHOTO
1548	PID_PILLS
1550	PID_HYPO_BLOOD
1551	PID_RAT_MEAT
1552	PID_GECKO_MEAT
1553	PID_COOKED_MEAT
1554	PID_COOKED_RAT_MEAT
1555	PID_COOKED_GECKO_MEAT
1556	PID_COOKED_FISH
1557	PID_FLAPJACK
1558	PID_FLOUR
1559	PID_COOKED_MOLERAT_STOMATCH
1560	PID_SALAD
1563	PID_RAGOUT
1564	PID_MUSH_GREEN
1565	PID_FIRE_ARMOR

1597	PID_SHIT_HUGE
1598	PID_SHIT_BIG
1599	PID_SHIT_SMALL

1615	PID_CABBAGE

1626	PID_CORN
1627    PID_GLASS_BOTTLE_FULL
1628	PID_MUSHBED_EMPTY
1629	PID_MUSHBED_BG1
1630	PID_MUSHBED_BG2
1631	PID_MUSHBED_BG3
1632	PID_MUSHBED_CG1
1633	PID_MUSHBED_CG2
1634	PID_MUSHBED_CG3
1635	PID_MUSHBED_GG1
1636	PID_MUSHBED_GG2
1637	PID_MUSHBED_GG3
1638	PID_MUSHBED_MOCH1
1639	PID_MUSHBED_MOCH2
1640	PID_MUSHBED_MOCH3
1641	PID_MUSHBED_MUTM1
1642	PID_MUSHBED_MUTM2
1643	PID_MUSHBED_MUTM3
1644 	PID_SHIT_BAREL_EMPTY
1645	PID_SHIT_BAREL_FULL
1646	PID_SHIT_BATH_X_EMPTY
1647	PID_SHIT_BATH1_X_FULL
1648	PID_SHIT_BATH2_Y_EMPTY
1649	PID_SHIT_BATH2_Y_FULL

1679	PID_BOTTLE_FILTER
1680	PID_REVOLVER_PART
1681	PID_SHORT_TUBE

1700    PID_Svarka

1712	PID_FLocks

1715	PID_FPSHL6

1725    PID_HYPO02
1727	PID_ITCANDY

1729 	PID_NAILS

1732	PID_itmoney

1735	PID_WEAPON_PARTS
1736	PID_SCREWDRIVER
1737	PID_ITSOAP01

1749    PID_MANYVOR

1753	PID_mgzn01

1755    PID_PELT3

1756    PID_PIPBOY2K_BROKEN

1759    PID_FLASHLIGHT_OFF

1757    PID_PIROG

1760	PID_HAMMER

1762	PID_PORTMONE
1763    PID_prdhrntl

1771    PID_CABEL
1772    PID_CARSLR
1773    PID_CARTNT
1774    PID_CENTRF
1775    PID_COMPUTER
1776    PID_DAMAG
1777    PID_Emulgat
1778    PID_FPASLNB
1779    PID_FPASLNC
1780    PID_FPRESS
1781    PID_FVOKAS2
1782	PID_gilza

1784	PID_BRACING
1785    PID_itlckrl1
1786    PID_jckldrum
1787    PID_MOTOR
1788    PID_motorbr
1789    PID_motorok
1790    PID_plkpipe1
1791	PID_servoeng
1792	PID_setB
1793	PID_setC
1794    PID_termit
1795    PID_voddet1
1796    PID_voddet2
1797    PID_voddet3
1798    PID_vodzapch

1800    PID_VTC
1801    PID_VTD
1802    PID_VTE
1803    PID_itnitki1
1804    PID_knflaser
1805    PID_plkclef2

1809    PID_FZZZ4
1810    PID_blstrBM
1811    PID_medbrin
1812    PID_medlarm
1813    PID_medrest
1814    PID_medstrn
1815    PID_svirus
1816    PID_HYPO04

1818    PID_MSTUPKA
1819    PID_mstool
1820    PID_oprock21
1821    PID_SERVOMOTOR
1822    PID_part21
1823    PID_marijuanna
1824    PID_hotplate
1825    PID_modvoice
1826    PID_drill2
1882	PID_LR_SNIPER_RIFLE
1884	PID_AMMO_BELT
1885	PID_HANDWRITINGS
1886	PID_CRAFT_RECIPES
1887	PID_PASSPORT
1888	PID_PAPERS_JAMMED

2076	PID_ELECTIONBOX

3905	PID_CRAFT_MENU_MAIN
3906	PID_CRAFT_MENU_OLD
3907	PID_CRAFT_MENU_TEST

3977	PID_DEVIDER
3978	PID_WORKBENCH_TOKEN
3979	PID_FIREPLACE_TOKEN
3980	PID_WEDRING_M
3981	PID_WEDRING_F
3982    PID_PLASMA_SMG_LOW2
3983	PID_QUADRO_SHOTGUN
3984	PID_DOUBLE_RIFLE
3985	PID_LOW_SNIPER2
3986    PID_LOW_SNIPER3
3987    PID_CASER
3988    PID_CADES
3989	PID_EKZO

12000   PID_10MM_FMJ
12001   PID_10MM_SPC
12002   PID_10MM_LOW2
12003   PID_10MM_HEAP
12004   PID_5MM_HEAP
12005   PID_223_LOW2
12006   PID_223_AP
12007   PID_45CAL_AP
12008	PID_5MM_FMJ 
12009   PID_762_AP  
12010   PID_SPIKEAMMO

13000	PID_OXIDENED_POWER_ARMOR
13001	PID_COMBAT_ARMOR_CLAW
13002	PID_COMBAT_ARMOR_DESERT_MK1
13003	PID_COMBAT_ARMOR_DESERT_MK2
13004	PID_COMBAT_ARMOR_DESERT_MK3
13005	PID_COMBAT_ARMOR_RNEGATE_MK1
13006	PID_COMBAT_ARMOR_RNEGATE_MK2
13007	PID_MUTARMOR_METAL_MK2
13008	PID_BLUE_ROBE
13009	PID_BROWN_ROBE
13010	PID_DARK_GREEN_ROBE
13011	PID_RED_RITUAL_ROBE
13012	PID_BLACK_RITUAL_ROBE
13013	PID_DARK_BLACK_ROBE
13014	PID_DARK_RED_ROBE
13015	PID_RED_ROBE
13016	PID_DARK_BROWN_ROBE
13017	PID_DARK_BLUE_ROBE
13018	PID_ATOM_CHILD_ROBE
13019	PID_LEATHER_ARMOR_CAMMO
13020	PID_LEATHER_ARMOR_RED
13021	PID_LEATHER_COAT
13022   PID_COMBAT_ARMOR_ENCLAVE
13023	PID_BLACK_JUMPSUIT
13024	PID_LIGHT_GREEN_JUMPSUIT
13025	PID_RED_JUMPSUIT
13026	PID_SAND_JUMPSUIT
13027	PID_GRAY_JUMPSUIT

14000  PID_ACID_GRENADE
14001  PID_GATLING_PLASMA
14002  PID_ASSAULT_RIFLE_EXT_XXL_MAG
14003  PID_ASSAULT_RIFLE_OPT
14004  PID_ASSAULT_RIFLE_EXT_MAG_OPT
14005  PID_ASSAULT_RIFLE_EXT_XXL_MAG_OPT
14006  PID_SHORT_SHARP_SPEAR
14007  PID_SHARP_PIKE
14008  PID_WEIGHTED_SHARP_SPEAR
14009  PID_METAL_SPEAR
14010  PID_shove3
14011  PID_sickle
14012  PID_Gauss_Gat
14013  PID_M60_RESTORED
14014  PID_RAD_GUN
14015  PID_Blast
14016  PID_STERLING
14017  PID_ROSETTE
14018  PID_SMG_UMP
14019  PID_SP_REVOLVER
14020  PID_9MM_PISTOL
14021  PID_FORK
14022  PID_RAKE5
14023  PID_PUNCH_GUN
14024  PID_FUTURISTIC_REVOLVER
14025  PID_THROWING_KNIFE2
14026  PID_THROWING_KNIFE3
14027  PID_CE_NAILGUN
14028  PID_LASH
14029  PID_M73_GAUSS_RIFLE
14030  PID_HOMEMADE_HAMMER
14031  PID_RIPPER2
14032  PID_SPIKEGUN
14033  PID_SMITHM76

15000	PID_Radio5NW
15001	PID_Radio21NE
15009   PID_topor202

15023   PID_PAFUEL

15034   PID_RosaryBeads
15035   PID_Crucifix
15036   PID_FeralDog
15037   PID_FeralDog2
15038   PID_HolyBible 

15041   PID_BP_FPRESS
15042   PID_B_Plans
15043   PID_BP_CENTRF
15044   PID_E_Plans
15046   PID_Blueprint1_armor
15050   PID_bgrock
15051   PID_METAL_ORE_MK2
15052   PID_gold21

15057   PID_ImpulseGenerator
15060   PID_part22
15063	PID_SCORPION_SMALL_TAIL
15064	PID_EMPTY_BUCKET
15065	PID_WATER_BUCKET
15066   PID_LEATHER_SHOES
15067   PID_COINS_WITH_BRAHMIN
15068   PID_COINS_WITH_SCORPION
15069   PID_MIRROR_DARK_SHADES
15070	PID_BOAT_LUSILE
15071   PID_MUTHAND
15072	PID_RANGERS_TAG
15073	PID_NCR_TAG
15074	PID_BS_TAG
15075	PID_ENCLAVE_TAG
15076	PID_SOLDER_TAG
15077	PID_WOLF_FUR
15078	PID_TOWEL
15079	PID_OLD_TOWEL
15080   PID_DEATHCLAW_HIDE
15081   PID_TOXIC_GECKO_PELT
15082   PID_BLACK_GUNPOWDER
15083   PID_COAL
15084   PID_COPPER_ORE
15085   PID_COPPER_BAR
15086   PID_COPPER_LEAF
15087   PID_COPPER_WIRE
15088   PID_BOLT
15089   PID_MKLAPAN

15090   PID_MPARTS
15091   PID_MSPIRAL
15092   PID_MSTONE
15093   PID_MSUOMIG
15094   PID_empty_paint_can
15095   PID_blue_paint_can
15096   PID_red_paint_can
15097   PID_yellow_paint_can
15098   PID_Builder_helmet
15099   PID_red_beret

15438	PID_OLD_FRIDGE
15439	PID_FREEZER

16916 	PID_bp_colt6520
16917 	PID_bp_mouser
16918 	PID_bp_45revolver
16919 	PID_bp_sig14mm
16920 	PID_bp_deagle
16921 	PID_bp_colt1911
16922 	PID_bp_anaconda
16923 	PID_bp_injector
16924 	PID_bp_gausspis
16925 	PID_bp_10mmSMG
16926 	PID_bp_ggun
16927 	PID_bp_p90
16928 	PID_bp_g11
16929 	PID_bp_hunting
16930 	PID_bp_xl5mm
16931 	PID_bp_sniper223
16932 	PID_bp_ak112
16933 	PID_bp_fnfl
16934 	PID_bp_tommygun
16935 	PID_bp_gaussgun
16936 	PID_bp_doubleshotgun
16937 	PID_bp_combshotgun
16938 	PID_bp_CAWS
16939 	PID_bp_jhummer
16940 	PID_bp_remington870
16941 	PID_bp_laspist
16942 	PID_bp_plaspist
16943 	PID_bp_pulsepist
16944 	PID_bp_lasrifle
16945 	PID_bp_plasrifle
16946 	PID_bp_pulserifle
16947 	PID_bp_gatling
16948 	PID_bp_aucustic
16949 	PID_bp_flamer
16950 	PID_bp_minigun
16951 	PID_bp_bazooka
16952 	PID_bp_vindicator
16953 	PID_bp_m60
16954 	PID_bp_lsw
16955 	PID_bp_bozar
16956 	PID_bp_autocannon
16957 	PID_bp_shocker
16958 	PID_bp_pfist
16959 	PID_bp_ssledge
16960 	PID_bp_ripper
16961 	PID_bp_223pistol
16962 	PID_bp_m32
16963 	PID_bp_frag_grenade
16964 	PID_bp_plas_grenade
16965 	PID_bp_EMP_grenade
16966	PID_bp_40mm
16967  	PID_bp_fragmis
16968	PID_bp_krakmis
16969 	PID_bp_caseless
16970 	PID_bp_gausammo
16971	PID_bp_freactor

17000   PID_METAL_CASE
17001   PID_TRAVEL_BAG
17002   PID_CHEMTEC_CASE
17003   PID_cashbag
17004   PID_FIRST_AID_BAG
17005   PID_BLOODY_FIRST_AID_BAG
17006   PID_STUFF_SUPPLIES
17007   PID_PORTABLE_REFRIGERATOR
17008   PID_DISK80
17009   PID_DISK90
17010   PID_carWalls0


18000	PID_SEEDLING_TONGUE_GECKO
18001	PID_RISING_TONGUE_GECKO
18002	PID_TONGUE_GECKO
18003	PID_SEEDLING_MURAVNIKTAR
18004	PID_RISING_MURAVNIKTAR
18005	PID_MURAVNIKTAR
18006	PID_SEEDLING_BLACK_MUSHROOMS
18007	PID_RISING_BLACK_MUSHROOMS
18008	PID_BLACK_MUSHROOMS
18009	PID_SEEDLING_PALE_MUSHROOM
18010	PID_RISING_PALE_MUSHROOM
18011	PID_PALE_MUSHROOM
18012	PID_SEEDLING_MUTMUSH
18013	PID_RISING_MUTMUSH
18014	PID_MUTMUSH
18015	PID_MANTIS_MEAT
18017	PID_PIOTR
18018	PID_CANNED_MEAT
18019	PID_PROTEIN_BAR
18020	PID_PRETZEL
18021	PID_POPROCKS
18022	PID_HERBAL_SOUP
18023	PID_ALCOHOL_TINCTURE
18024	PID_BOTTLE_MILCH1
18025	PID_BOTTLE_MILCH2
18026	PID_BIG_GLASS_BOTTLE_FULL
18027   PID_ASPIRIN
18028   PID_RDRUGS
18029   PID_PILLEN
18030	PID_JET2
18031	PID_JET3
18032   PID_DESINFHN0

19000	PID_FONMINE
19001	PID_itmina
19002	PID_VTB
19003	PID_Scaner
19004	PID_machpart
19005	PID_capcan
19006	PID_itextrdr
19007	PID_iteltrdr
19008	PID_head01
19009	PID_head02

19020	PID_IMPOVISED_TRAP
19021 	PID_IMPOVISED_TRAP_ACTIVE

19801	PID_CAMO_01
19802 	PID_CAMO_02
19803 	PID_CAMO_03
19804 	PID_CAMO_04
19805 	PID_CAMO_05
19806 	PID_CAMO_06
19807 	PID_CAMO_07
19808 	PID_CAMO_08
19809 	PID_CAMO_09
19810 	PID_CAMO_10
19811 	PID_CAMO_11
19812 	PID_CAMO_12
19813 	PID_CAMO_13
19814 	PID_CAMO_14
19815 	PID_CAMO_15
19816 	PID_CAMO_16
19817 	PID_CAMO_17
19818 	PID_CAMO_18
19819 	PID_CAMO_19

19900	PID_TRAP_ACTIVE
19901	PID_TRAP_DEACTIVATED 

20007   PID_MAUSER01
20008   PID_POMPA
20009   PID_MAUSER02
20010   PID_DYNAMITE2

20012   PID_9MM_PP

20018   PID_SAVAGE

20046   PID_IPOLICE

20048   PID_DUTEN

20053   PID_IMPROVED_SAVAGE





20107   PID_SMGFILIP

20200	PID_VEST_MK1
20201	PID_RIOT_ARMOR
20202	PID_BIKER_JACKET
20203	PID_OLD_JACKET
20204	PID_CARAVAN_MASTER_JACKET
20205	PID_ANTIRAD_COSTUME
20206	PID_IMPROVED_JACKET
20207	PID_PERSONAL_JACKET

20209	PID_IMPROVED_METAL_ARMOR_MK_II
20210	PID_ZERKALO_METAL_ARMOR_MK_II  
20211	PID_METAL_ARMOR_MK_III
20212	PID_POKRISHKA_ARMOR
20213	PID_VEST_MK2
20214	PID_POWERED_ARMOR_NEVADA

20503	PID_BEER_DARK
20504	PID_SUPER_ENERGY_DRINK

20506   PID_CLEAN_WATER2

20508	PID_CARAMEL2
20510	PID_VOKAS
20517	PID_BURGER	
20521	PID_FORSAGE_GUM
20523	PID_PIZZA
20534	PI_TACO
20509	PID_WHISKEY
20510	PID_VOKAS
20513	PID_WHISKEY_PREWAR
20514	PID_MANTIS_FOOD
20515	PID_ROOTBEER

20518	PID_ATOM_COLA
20519	PID_BLOODMARRY
20520	PID_TURBO_COLA

20524	PID_LIQUER
20525	PID_ATOM_COLA_CHERRY
20526	PID_ATOM_COLA_CRAFT

20527   PID_PASLEN

20528	PID_ATOM_COLA_SEA
20529   PID_OREHOVIYRASTVOR

20530   PID_POTROHA_SPICED
20532	PID_BEER_LIGHT

20534	PID_BURRITO
20535	PID_ATOMIC_COCTAIL
20536	PID_GROG

20537	PID_armltfuk
20538	PID_armltsct
20539	PID_armltr
20540	PID_arbsbl
20541	PID_ARMFIRE
20542	PID_ArmorGaz
20543	PID_arlthr1
20544	PID_arlthr2
20545	PID_FZZZ1
20546	PID_FZZZ2
20547	PID_arbsbl2
20548	PID_arhokkey
20549	PID_armetal
20550	PID_armltcmb
20551	PID_aras2k1
20552	PID_aras2k2
20553	PID_arbattl1
20554	PID_ardfnder
20555	PID_arekzo
20556	PID_arkirasa
20557	PID_cmbt_armor_desert_inv
20558	PID_TRIBE_ARMOR1
20559	PID_TRIBE_ARMOR2
20560	PID_TRIBE_ARMOR3
20561	PID_copinv1
20562	PID_militia_armor_MK1
20563	PID_militia_armor_MK2
20564	PID_militia_armor_MK3
20565	PID_general
20566	PID_glad1
20567	PID_tesla21
20568	PID_mtlarmr3

20570	PID_parade_uniform
20571 	PID_Laboratory_coat
20572 	PID_RANGER_ARMOR
20573	PID_GEKKO_ARMOR
20574 	PID_TECH_ARMOR
20575 	PID_CHEM_ARMOR
20576 	PID_CHEM_ARMOR_MK2
20577 	PID_HYENA_PA
20578  	PID_HYENA_PA_MK2
20579 	PID_LEATHER_SHIRT
20580 	PID_DOG_ARMOR
20581   PID_COMBAT_ARMOR_GREYHUNTER
20582   PID_LEATHER_ARMOR_GREY

20150   PID_GRNMLTV

20171   PID_spriron1

22000   PID_Civil_gas_mask
22001   PID_Military_cap
22002   PID_officer_Enclave_cap
22003   PID_Newsboy_cap
22004   PID_younga
22005   PID_MTOUTH
22006   PID_Pershat
22007   PID_nozzle
22008   PID_DTONATOR
22009   PID_ttube
22010   PID_ttube2
22011   PID_DISTILLATION_FLASK
22012   PID_MpipeOff
22013   PID_Helba_Grass
22014   PID_KAZAN
22015   PID_batch_AFR
22016   PID_Breaking_batch_AFR
22017   PID_gear
22018   PID_skull
22019   PID_Western_hat1
22020   PID_Western_hat2
22021   PID_Western_hat3
22022   PID_ranger_hat
22023   PID_poshta_hat
22024   PID_Fedora_Black
22025   PID_Fedora_White
22026   PID_Felt_Hat_White
22027   PID_brown_cap
22028   PID_red_cap
22029   PID_blue_cap
22030   PID_GECKO_HAT
22031   PID_RED_BANDANA
22032   PID_raspir2
22033   PID_COLLAR_BOMB
22034   PID_SPA
22035   PID_optics1
22036   PID_optics2
22037   PID_optics3
22038   PID_optics4
22039   PID_Bseeds
22040   PID_CASSEROLE
22041   PID_STEAMCOOKER
22042   PID_LagerBow
22043   PID_tablespoon
22044   PID_teaspoon
22045   PID_EmptyBubble
22046   PID_SavageSmokingPipe
22047   PID_PrewarSmokingPipe
22048   PID_PrewarCigar1
22049   PID_PrewarCigar2
22050   PID_cigarette
22051   PID_BOX_OF_CIGARS
22052   PID_PID_PAINTINGSET
22053   PID_Harmonica
22054   PID_IRON_BARREL
22055   PID_PORTABLE_PUMP
22056   PID_OXYGEN_FOR_BREATHING
22057   PID_RUSTY_LOCK
22058   PID_IRON_LOCK
22059   PID_SOLVENT
22060   PID_PIPBOY2K_OFF
22061   PID_INSULATING_TAPE
22062   PID_SYRINGE2
22063   PID_MPARTS3
22064   PID_PIPBOY3K
22065   PID_BALACLAV
22066   PID_ZOLA
22067   PID_RBTRHAND
22068   PID_card2b
22069   PID_GUNSMITH
22070   PID_UDOBRENI
22071   PID_FLASHLIGHT_ON
22072   PID_TOBACCO
22073   PID_CAPACITOR
22074   PID_TURRET_DRUM
22075   PID_SG_PARTS
22076   PID_PISTOL_GRIP
22077   PID_PISTOL_PARTS
22078   PID_SHOTGUN_PARTS
22079   PID_SHOTGUN_PARTS2
22080   PID_MUSKET_BARREL
22081   PID_PISTOL_TRUNK
22082   PID_BUTT
22083   PID_AUTOMAT_PARTS
22084   PID_REVOLVER_PARTS
22085   PID_HATFIELD_BOOZE
22086   PID_BOTTLE_DIRTY_FULL
22087   PID_GLASS_BOTTLE_DIRTY_FULL