0      ST_STRENGTH
1      ST_PERCEPTION
2      ST_ENDURANCE
3      ST_CHARISMA
4      ST_INTELLECT
5      ST_AGILITY
6      ST_LUCK
7      ST_MAX_LIFE
8      ST_ACTION_POINTS
9      ST_ARMOR_CLASS
10     ST_MELEE_DAMAGE
11     ST_CARRY_WEIGHT
12     ST_SEQUENCE
13     ST_HEALING_RATE
14     ST_CRITICAL_CHANCE
15     ST_MAX_CRITICAL

16     ST_NORMAL_ABSORB
17     ST_LASER_ABSORB
18     ST_FIRE_ABSORB
19     ST_PLASMA_ABSORB
20     ST_ELECTRO_ABSORB
21     ST_EMP_ABSORB
22     ST_EXPLODE_ABSORB
23     ST_NORMAL_RESIST
24     ST_LASER_RESIST
25     ST_FIRE_RESIST
26     ST_PLASMA_RESIST
27     ST_ELECTRO_RESIST
28     ST_EMP_RESIST
29     ST_EXPLODE_RESIST

30     ST_RADIATION_RESISTANCE
31     ST_POISON_RESISTANCE
41	   PID_BOTTLE_CAPS
64     ST_TOXIC
65     ST_RADIOACTIVE
66     ST_KILL_EXPERIENCE
67     ST_BODY_TYPE
68     ST_LOCOMOTION_TYPE
69     ST_DAMAGE_TYPE
70     ST_AGE
71     ST_GENDER
72     ST_CURRENT_HP
73     ST_POISONING_LEVEL
74     ST_RADIATION_LEVEL
75     ST_CURRENT_AP
76     ST_EXPERIENCE
77     ST_LEVEL
78     ST_UNSPENT_SKILL_POINTS
79     ST_UNSPENT_PERKS
80     ST_KARMA
81     ST_FOLLOW_CRIT
82     ST_REPLICATION_MONEY
83     ST_REPLICATION_COUNT
84     ST_REPLICATION_TIME
85     ST_RATE_OBJECT
86     ST_TURN_BASED_AC
87     ST_MAX_MOVE_AP
88     ST_MOVE_AP
89     ST_NPC_ROLE
101    ST_BONUS_LOOK
104    ST_DIALOG_ID
105    ST_AI_ID
106    ST_TEAM_ID
107    ST_BAG_ID
112    ST_BASE_CRTYPE
113    ST_DEAD_BLOCKER_ID
114    ST_CURRENT_ARMOR_PERK
115    ST_TALK_DISTANCE
116    ST_SCALE_FACTOR
118    ST_APREGEN

127	   ST_THIRST
128	   ST_HUNGER

137    ST_ACCESS_LEVEL

196	   ROLL

*200
0      SK_SMALL_GUNS
1      SK_MEDIUM_GUNS
2      SK_BIG_GUNS
3      SK_UNARMED
4      SK_MELEE_WEAPONS
5      SK_THROWING
6      SK_FIRST_AID
7      SK_DOCTOR
8      SK_SNEAK
9      SK_LOCKPICK
10     SK_STEAL
11     SK_TRAPS
12     SK_SCIENCE
13     SK_REPAIR
14     SK_SPEECH
15     SK_BARTER
16     SK_GAMBLING
17     SK_OUTDOORSMAN
18	   SK_MINING
19	   SK_CHOPPING
20	   SK_SCAVENGING
21	   SK_HUNTING
22	   SK_FISHING
23	   SK_FARMING
24	   SK_COOKING
25	   SK_SEX

*260
0      KILL_MEN
1      KILL_WOMEN
2      KILL_CHILDREN
3      KILL_SUPER_MUTANT
4      KILL_GHOUL
5      KILL_BRAHMIN
6      KILL_RADSCORPION
7      KILL_RAT
8      KILL_FLOATER
9      KILL_CENTAUR
10     KILL_ROBOT
11     KILL_DOG
12     KILL_MANTI
13     KILL_DEADCLAW
14     KILL_PLANT
15     KILL_GECKO
16     KILL_ALIEN
17     KILL_GIANT_ANT
18     KILL_BIG_BAD_BOSS
19     KILL_GIANT_BEETLE
20     KILL_GIANT_WASP
21     KILL_YAO
22	   KILL_SWAMP_LURKER
23	   KILL_CROCS

# Deprecated
0      BT_MEN
1      BT_WOMEN
2      BT_CHILDREN
3      BT_SUPER_MUTANT
4      BT_GHOUL
5      BT_BRAHMIN
6      BT_RADSCORPION
7      BT_RAT
8      BT_FLOATER
9      BT_CENTAUR
10     BT_ROBOT
11     BT_DOG
12     BT_MANTI
13     BT_DEATHCLAW
14     BT_PLANT
15     BT_GECKO
16     BT_ALIEN
17     BT_GIANT_ANT
18     BT_BIG_BAD_BOSS
19	   BT_GIANT_BEETLE
20     BT_GIANT_WASP
21	   BT_YAO
22     BT_SWAMP_LURKER
23	   BT_CROCS
24	   BT_MILLEPEDE
25	   BT_LAVASH
26	   BT_SPIDER

*300
0	  PE_GAIN_STRENGTH
1	  PE_GAIN_PERCEPTION
2	  PE_GAIN_ENDURANCE
3	  PE_GAIN_CHARISMA
4	  PE_GAIN_INTELLIGENCE
5	  PE_GAIN_AGILITY
6	  PE_GAIN_LUCK
7	  PE_LOOSE_STRENGTH
8	  PE_LOOSE_PERCEPTION
9	  PE_LOOSE_ENDURANCE
10	  PE_LOOSE_CHARISMA
11	  PE_LOOSE_INTELLIGENCE
12	  PE_LOOSE_AGILITY 
13	  PE_LOOSE_LUCK
14	  PE_SEXUAL_IMPROVEMENT
16	  PE_SILENT_RUNNING
18	  PE_MASTER_TRADER
49	  PE_QUICK_POCKETS
50	  PE_SMOOTH_TALKER

*470
0      ADDICTION_DOPE
1      ADDICTION_COMBAT_DRUGS
2      ADDICTION_HEAVY_DRUGS
3      ADDICTION_HEALING_DRUGS
4      ADDICTION_THERAPY_DRUGS
5      ADDICTION_DOPE
6      ADDICTION_TRAGIC
7      ADDICTION_TREB
8      ADDICTION_VINT
# Deprecated
0      PE_NUKA_COLA_ADDICTION
1      PE_BUFFOUT_ADDICTION
2      PE_MENTATS_ADDICTION
3      PE_PSYCHO_ADDICTION
4      PE_RADAWAY_ADDICTION
5      PE_JET_ADDICTION
6      PE_TRAGIC_ADDICTION

*480
0      KARMA_BERSERKER
1      KARMA_CHAMPION
2      KARMA_CHILDKILLER
3      KARMA_SEXPERT
4      KARMA_PRIZEFIGHTER
5      KARMA_GIGOLO
6      KARMA_GRAVE_DIGGER
7      KARMA_MARRIED
8      KARMA_PORN_STAR
9      KARMA_SLAVER
10     KARMA_VIRGIN_WASTES
11     KARMA_MAN_SALVATORE
12     KARMA_MAN_BISHOP
13     KARMA_MAN_MORDINO
14     KARMA_MAN_WRIGHT
15     KARMA_SEPARATED
16     KARMA_PEDOBEAR
17     KARMA_VC_GUARDSMAN

# Deprecated
0      PE_BERSERKER_KARMA
1      PE_CHAMPION_KARMA
2      PE_CHILDKILLER_KARMA
3      PE_SEXPERT_KARMA
4      PE_PRIZEFIGHTER_KARMA
5      PE_GIGOLO_KARMA
6      PE_GRAVE_DIGGER_KARMA
7      PE_MARRIED_KARMA
8      PE_PORN_STAR_KARMA
9      PE_SLAVER_KARMA
10     PE_VIRGIN_WASTES_KARMA
11     PE_MAN_SALVATORE_KARMA
12     PE_MAN_BISHOP_KARMA
13     PE_MAN_MORDINO_KARMA
14     PE_MAN_WRIGHT_KARMA
15     PE_SEPARATED_KARMA
16     KARMA_PEDOBEAR
17     KARMA_VC_GUARDSMAN

*500
0      DAMAGE_POISONED
1      DAMAGE_RADIATED
2      DAMAGE_EYE
3      DAMAGE_RIGHT_ARM
4      DAMAGE_LEFT_ARM
5      DAMAGE_RIGHT_LEG
6      DAMAGE_LEFT_LEG
# Deprecated
0      PE_DAMAGE_POISONED
1      PE_DAMAGE_RADIATED
2      PE_DAMAGE_EYE
3      PE_DAMAGE_RIGHT_ARM
4      PE_DAMAGE_LEFT_ARM
5      PE_DAMAGE_RIGHT_LEG
6      PE_DAMAGE_LEFT_LEG

*510
0      MODE_HIDE
1      MODE_NO_STEAL
2      MODE_NO_BARTER
3      MODE_NO_ENEMY_STACK
4      MODE_NO_PVP
5      MODE_END_COMBAT
6      MODE_DEFAULT_COMBAT
7      MODE_NO_HOME
8      MODE_GECK
9      MODE_NO_FAVORITE_ITEM
10     MODE_NO_ITEM_GARBAGER
11     MODE_DLG_SCRIPT_BARTER
12     MODE_UNLIMITED_AMMO
13     MODE_NO_DROP
14     MODE_NO_LOOSE_LIMBS
15     MODE_DEAD_AGES
16     MODE_NO_HEAL
17     MODE_INVULNERABLE
18     MODE_NO_FLATTEN
19     MODE_SPECIAL_DEAD
20     MODE_RANGE_HTH
21     MODE_NO_KNOCK
22     MODE_NO_LOOT
23     MODE_NO_SUPPLY
24     MODE_NO_KARMA_ON_KILL
25     MODE_BARTER_ONLY_CASH
26     MODE_NO_PUSH
27     MODE_NO_UNARMED
28     MODE_NO_AIM
29     MODE_NO_WALK
30     MODE_NO_RUN
31     MODE_NO_TALK

519    PID_REAL_BOTTLE_CAPS

*550
0      TRAIT_FAST_METABOLISM
1      TRAIT_BRUISER
2      TRAIT_SMALL_FRAME
3      TRAIT_SADIST
4      TRAIT_FINESSE
5      TRAIT_KAMIKAZE
6      TRAIT_HEAVY_HANDED
7      TRAIT_FAST_SHOT
8      TRAIT_BLOODY_MESS
9      TRAIT_NERD
10     TRAIT_SURE_FOOTED
11     TRAIT_CHEM_RELIANT
12     TRAIT_CHEM_RESISTANT
13     TRAIT_SEX_APPEAL
14     TRAIT_SKILLED
15     TRAIT_NIGHT_PERSON
# Deprecated
0      PE_FAST_METABOLISM
1      PE_BRUISER
2      PE_SMALL_FRAME
3      PE_ONE_HANDER
4      PE_FINESSE
5      PE_KAMIKAZE
6      PE_HEAVY_HANDED
7      PE_FAST_SHOT
8      PE_BLOODY_MESS
9      PE_JINXED
10     PE_GOOD_NATURED
11     PE_CHEM_RELIANT
12     PE_CHEM_RESISTANT
13     PE_SEX_APPEAL
14     PE_SKILLED
15     PE_NIGHT_PERSON

*570
0      REPUTATION_DEN
1      REPUTATION_KLAMATH
2      REPUTATION_MODOC
3      REPUTATION_VAULT_CITY
4      REPUTATION_GECKO
5      REPUTATION_BROKEN_HILLS
6      REPUTATION_NEW_RENO
7      REPUTATION_SIERRA
8      REPUTATION_VAULT15
9      REPUTATION_NCR
10     REPUTATION_CATHEDRAL
11     REPUTATION_MARIPOSA
12     REPUTATION_REDDING
13     REPUTATION_SF
14     REPUTATION_NAVARRO
15     REPUTATION_ARROYO
16     REPUTATION_PRIMAL_TRIBE
17     REPUTATION_RANGERS
18     REPUTATION_VAULT13
19     REPUTATION_SACRAMENTO

*700
8		CR_VAL0
9		CR_VAL1
10		CR_VAL2
11		CR_VAL3
12		CR_VAL4
13		CR_VAL5
14		CR_VAL6
15		CR_VAL7
16		CR_VAL8
17		CR_VAL9
35		CR_ROLL
47		CR_THREAT_LEVEL
48		CR_TRUST_LEVEL

